Found box in energy kwargs
[Potential] Found precomputed forces.
Read out charge from aux.
Found box in energy kwargs
[Potential] Found precomputed forces.
Read out charge from aux.
[Epoch 0]:
	Average train loss: 12142.95382
	Average val loss: 7841.5087890625
	Gradient norm: 547396544.0
	Elapsed time = 7.119 min
	Per-target losses:
		U | train loss: 1214295.3860528523 | val loss: 784150.875
		charge | train loss: 24.040506116495838 | val loss: 24.010343551635742

[Epoch 1]:
	Average train loss: 5772.17657
	Average val loss: 4557.32861328125
	Gradient norm: 138618736.0
	Elapsed time = 6.725 min
	Per-target losses:
		U | train loss: 577217.6590092806 | val loss: 455732.875
		charge | train loss: 24.042951390567243 | val loss: 24.010343551635742

[Epoch 2]:
	Average train loss: 3307.79447
	Average val loss: 5592.83251953125
	Gradient norm: 303115456.0
	Elapsed time = 6.734 min
	Per-target losses:
		U | train loss: 330779.44748780935 | val loss: 559283.3125
		charge | train loss: 24.046057479013534 | val loss: 24.010343551635742

[Epoch 3]:
	Average train loss: 2661.63842
	Average val loss: 2850.03515625
	Gradient norm: 31805780.0
	Elapsed time = 6.736 min
	Per-target losses:
		U | train loss: 266163.8438594536 | val loss: 285003.53125
		charge | train loss: 24.013352536195075 | val loss: 24.010343551635742

[Epoch 4]:
	Average train loss: 2153.68265
	Average val loss: 2355.939697265625
	Gradient norm: 11449976.0
	Elapsed time = 6.722 min
	Per-target losses:
		U | train loss: 215368.26521291028 | val loss: 235593.953125
		charge | train loss: 24.057394143558987 | val loss: 24.010343551635742

[Epoch 5]:
	Average train loss: 1818.43789
	Average val loss: 2330.2685546875
	Gradient norm: 282346112.0
	Elapsed time = 6.756 min
	Per-target losses:
		U | train loss: 181843.78965089528 | val loss: 233026.859375
		charge | train loss: 24.02504596326175 | val loss: 24.010343551635742

[Epoch 6]:
	Average train loss: 1802.93832
	Average val loss: 2402.758544921875
	Gradient norm: 55269408.0
	Elapsed time = 6.549 min
	Per-target losses:
		U | train loss: 180293.83273884817 | val loss: 240275.859375
		charge | train loss: 24.04719876987022 | val loss: 24.010343551635742

[Epoch 7]:
	Average train loss: 1399.81510
	Average val loss: 1889.374267578125
	Gradient norm: 4841014.5
	Elapsed time = 6.689 min
	Per-target losses:
		U | train loss: 139981.51162355155 | val loss: 188937.421875
		charge | train loss: 24.05421158643377 | val loss: 24.010343551635742

[Epoch 8]:
	Average train loss: 1350.83486
	Average val loss: 1823.861083984375
	Gradient norm: 33364128.0
	Elapsed time = 6.732 min
	Per-target losses:
		U | train loss: 135083.48618852245 | val loss: 182386.109375
		charge | train loss: 24.036819443926714 | val loss: 24.010343551635742

[Epoch 9]:
	Average train loss: 1164.84394
	Average val loss: 1690.4261474609375
	Gradient norm: 230200992.0
	Elapsed time = 6.750 min
	Per-target losses:
		U | train loss: 116484.39481012741 | val loss: 169042.609375
		charge | train loss: 24.045343957811394 | val loss: 24.010343551635742

[Epoch 10]:
	Average train loss: 1067.63660
	Average val loss: 1490.4486083984375
	Gradient norm: 58923008.0
	Elapsed time = 6.604 min
	Per-target losses:
		U | train loss: 106763.66063011221 | val loss: 149044.859375
		charge | train loss: 24.045871944235476 | val loss: 24.010343551635742

[Epoch 11]:
	Average train loss: 936.72316
	Average val loss: 1466.396240234375
	Gradient norm: 28935502.0
	Elapsed time = 6.711 min
	Per-target losses:
		U | train loss: 93672.316764596 | val loss: 146639.625
		charge | train loss: 24.018038237014874 | val loss: 24.010343551635742

[Epoch 12]:
	Average train loss: 875.47615
	Average val loss: 1244.24609375
	Gradient norm: 2469761.5
	Elapsed time = 6.631 min
	Per-target losses:
		U | train loss: 87547.61576591338 | val loss: 124424.609375
		charge | train loss: 24.002536531742788 | val loss: 24.010343551635742

[Epoch 13]:
	Average train loss: 818.18946
	Average val loss: 1421.4215087890625
	Gradient norm: 8946932.0
	Elapsed time = 6.649 min
	Per-target losses:
		U | train loss: 81818.94635779873 | val loss: 142142.140625
		charge | train loss: 24.06973050456719 | val loss: 24.010343551635742

[Epoch 14]:
	Average train loss: 760.80747
	Average val loss: 1085.94580078125
	Gradient norm: 907431.25
	Elapsed time = 6.704 min
	Per-target losses:
		U | train loss: 76080.74763052512 | val loss: 108594.578125
		charge | train loss: 24.044619409829977 | val loss: 24.010343551635742

[Epoch 15]:
	Average train loss: 703.48649
	Average val loss: 1148.147216796875
	Gradient norm: 10029635.0
	Elapsed time = 6.740 min
	Per-target losses:
		U | train loss: 70348.64923341482 | val loss: 114814.7265625
		charge | train loss: 24.076315259613448 | val loss: 24.010343551635742

[Epoch 16]:
	Average train loss: 641.54474
	Average val loss: 1302.76416015625
	Gradient norm: 2057216.375
	Elapsed time = 6.656 min
	Per-target losses:
		U | train loss: 64154.47385466915 | val loss: 130276.421875
		charge | train loss: 24.030348341256982 | val loss: 24.010343551635742

[Epoch 17]:
	Average train loss: 561.32450
	Average val loss: 1190.054443359375
	Gradient norm: 1757116.125
	Elapsed time = 6.692 min
	Per-target losses:
		U | train loss: 56132.45047828623 | val loss: 119005.453125
		charge | train loss: 24.014194811750578 | val loss: 24.010343551635742

[Epoch 18]:
	Average train loss: 543.11790
	Average val loss: 1265.9130859375
	Gradient norm: 12250831.0
	Elapsed time = 6.667 min
	Per-target losses:
		U | train loss: 54311.7907224924 | val loss: 126591.3125
		charge | train loss: 24.083621476960662 | val loss: 24.010343551635742

[Epoch 19]:
	Average train loss: 484.38683
	Average val loss: 1224.2884521484375
	Gradient norm: 3831248.5
	Elapsed time = 6.688 min
	Per-target losses:
		U | train loss: 48438.68306221162 | val loss: 122428.859375
		charge | train loss: 24.02101017612739 | val loss: 24.010343551635742

[Epoch 20]:
	Average train loss: 479.42403
	Average val loss: 1079.9447021484375
	Gradient norm: 38500084.0
	Elapsed time = 6.681 min
	Per-target losses:
		U | train loss: 47942.40320536978 | val loss: 107994.4765625
		charge | train loss: 24.025039966634456 | val loss: 24.010343551635742

[Epoch 21]:
	Average train loss: 458.90044
	Average val loss: 1230.9769287109375
	Gradient norm: 6108036.0
	Elapsed time = 6.676 min
	Per-target losses:
		U | train loss: 45890.04421444067 | val loss: 123097.6953125
		charge | train loss: 24.066661275953255 | val loss: 24.010343551635742

[Epoch 22]:
	Average train loss: 420.74976
	Average val loss: 1021.018310546875
	Gradient norm: 11541570.0
	Elapsed time = 6.709 min
	Per-target losses:
		U | train loss: 42074.976308692065 | val loss: 102101.8359375
		charge | train loss: 24.027058789874083 | val loss: 24.010343551635742

[Epoch 23]:
	Average train loss: 392.96319
	Average val loss: 1042.7584228515625
	Gradient norm: 6146853.5
	Elapsed time = 6.708 min
	Per-target losses:
		U | train loss: 39296.319303412725 | val loss: 104275.84375
		charge | train loss: 24.053924476060292 | val loss: 24.010343551635742

[Epoch 24]:
	Average train loss: 367.29476
	Average val loss: 958.7083740234375
	Gradient norm: 1611187.0
	Elapsed time = 6.672 min
	Per-target losses:
		U | train loss: 36729.47654300152 | val loss: 95870.8359375
		charge | train loss: 24.02501255905868 | val loss: 24.010343551635742

[Epoch 25]:
	Average train loss: 332.77723
	Average val loss: 976.6182861328125
	Gradient norm: 6672150.0
	Elapsed time = 6.688 min
	Per-target losses:
		U | train loss: 33277.72328712412 | val loss: 97661.828125
		charge | train loss: 24.041671649241607 | val loss: 24.010343551635742

[Epoch 26]:
	Average train loss: 312.35489
	Average val loss: 972.0267944335938
	Gradient norm: 53138992.0
	Elapsed time = 6.669 min
	Per-target losses:
		U | train loss: 31235.488865548974 | val loss: 97202.6796875
		charge | train loss: 24.0391292540019 | val loss: 24.010343551635742

[Epoch 27]:
	Average train loss: 325.39609
	Average val loss: 1031.405517578125
	Gradient norm: 10435758.0
	Elapsed time = 6.524 min
	Per-target losses:
		U | train loss: 32539.608971021 | val loss: 103140.5703125
		charge | train loss: 23.986600900816438 | val loss: 24.010343551635742

[Epoch 28]:
	Average train loss: 291.46338
	Average val loss: 927.9209594726562
	Gradient norm: 4259303.5
	Elapsed time = 6.430 min
	Per-target losses:
		U | train loss: 29146.338294890742 | val loss: 92792.1015625
		charge | train loss: 24.06259225038874 | val loss: 24.010343551635742

[Epoch 29]:
	Average train loss: 267.14101
	Average val loss: 920.770263671875
	Gradient norm: 4427345.0
	Elapsed time = 6.534 min
	Per-target losses:
		U | train loss: 26714.101213288788 | val loss: 92077.03125
		charge | train loss: 24.026188825440887 | val loss: 24.010343551635742

[Epoch 30]:
	Average train loss: 246.10161
	Average val loss: 990.3453979492188
	Gradient norm: 6778389.0
	Elapsed time = 6.694 min
	Per-target losses:
		U | train loss: 24610.160802075687 | val loss: 99034.5546875
		charge | train loss: 24.114469185131508 | val loss: 24.010343551635742

[Epoch 31]:
	Average train loss: 235.92686
	Average val loss: 851.8915405273438
	Gradient norm: 12707706.0
	Elapsed time = 6.723 min
	Per-target losses:
		U | train loss: 23592.68604363563 | val loss: 85189.15625
		charge | train loss: 24.027585442754248 | val loss: 24.010343551635742

[Epoch 32]:
	Average train loss: 219.36978
	Average val loss: 987.8113403320312
	Gradient norm: 3146247.0
	Elapsed time = 6.707 min
	Per-target losses:
		U | train loss: 21936.978533157246 | val loss: 98781.125
		charge | train loss: 24.035785312140547 | val loss: 24.010343551635742

[Epoch 33]:
	Average train loss: 204.50982
	Average val loss: 985.719482421875
	Gradient norm: 1980886.75
	Elapsed time = 6.624 min
	Per-target losses:
		U | train loss: 20450.981556486604 | val loss: 98571.953125
		charge | train loss: 24.04609354262384 | val loss: 24.010343551635742

[Epoch 34]:
	Average train loss: 197.33987
	Average val loss: 981.58984375
	Gradient norm: 4845395.5
	Elapsed time = 6.648 min
	Per-target losses:
		U | train loss: 19733.987158080236 | val loss: 98158.984375
		charge | train loss: 23.989893017839265 | val loss: 24.010343551635742

[Epoch 35]:
	Average train loss: 180.32388
	Average val loss: 1221.9327392578125
	Gradient norm: 36621344.0
	Elapsed time = 6.599 min
	Per-target losses:
		U | train loss: 18032.387795979546 | val loss: 122193.2734375
		charge | train loss: 24.09125815973986 | val loss: 24.010343551635742

[Epoch 36]:
	Average train loss: 173.86800
	Average val loss: 1090.6810302734375
	Gradient norm: 6943774.0
	Elapsed time = 6.691 min
	Per-target losses:
		U | train loss: 17386.799594955955 | val loss: 109068.109375
		charge | train loss: 24.031528571468073 | val loss: 24.010343551635742

[Epoch 37]:
	Average train loss: 163.07505
	Average val loss: 940.6368408203125
	Gradient norm: 610876.5
	Elapsed time = 6.636 min
	Per-target losses:
		U | train loss: 16307.505022783727 | val loss: 94063.6875
		charge | train loss: 24.03465431520603 | val loss: 24.010343551635742

[Epoch 38]:
	Average train loss: 153.69535
	Average val loss: 973.7462158203125
	Gradient norm: 18404650.0
	Elapsed time = 6.628 min
	Per-target losses:
		U | train loss: 15369.535256486932 | val loss: 97374.625
		charge | train loss: 23.98855401429554 | val loss: 24.010343551635742

[Epoch 39]:
	Average train loss: 140.45508
	Average val loss: 984.977783203125
	Gradient norm: 1139636.875
	Elapsed time = 6.646 min
	Per-target losses:
		U | train loss: 14045.507967484238 | val loss: 98497.7734375
		charge | train loss: 24.07700308537323 | val loss: 24.010343551635742

[Epoch 40]:
	Average train loss: 135.32350
	Average val loss: 885.8060913085938
	Gradient norm: 36303344.0
	Elapsed time = 6.631 min
	Per-target losses:
		U | train loss: 13532.349711496237 | val loss: 88580.609375
		charge | train loss: 24.05024394861004 | val loss: 24.010343551635742

[Epoch 41]:
	Average train loss: 128.81179
	Average val loss: 1066.0357666015625
	Gradient norm: 12161752.0
	Elapsed time = 6.600 min
	Per-target losses:
		U | train loss: 12881.1785243604 | val loss: 106603.5703125
		charge | train loss: 24.033590563831712 | val loss: 24.010343551635742

[Epoch 42]:
	Average train loss: 120.43002
	Average val loss: 1187.7021484375
	Gradient norm: 4359035.0
	Elapsed time = 6.602 min
	Per-target losses:
		U | train loss: 12043.001612106425 | val loss: 118770.21875
		charge | train loss: 23.98517714186803 | val loss: 24.010343551635742

[Epoch 43]:
	Average train loss: 116.43603
	Average val loss: 1109.137939453125
	Gradient norm: 3576014.75
	Elapsed time = 6.630 min
	Per-target losses:
		U | train loss: 11643.602557373048 | val loss: 110913.8046875
		charge | train loss: 24.1207061239537 | val loss: 24.010343551635742

[Epoch 44]:
	Average train loss: 109.15667
	Average val loss: 1000.4775390625
	Gradient norm: 938282.875
	Elapsed time = 6.652 min
	Per-target losses:
		U | train loss: 10915.666835953885 | val loss: 100047.75
		charge | train loss: 24.012532355481348 | val loss: 24.010343551635742

[Epoch 45]:
	Average train loss: 102.04979
	Average val loss: 1049.593994140625
	Gradient norm: 2223657.75
	Elapsed time = 6.641 min
	Per-target losses:
		U | train loss: 10204.978882286532 | val loss: 104959.4140625
		charge | train loss: 24.059695654427443 | val loss: 24.010343551635742

[Epoch 46]:
	Average train loss: 97.19405
	Average val loss: 1064.5352783203125
	Gradient norm: 67492.2265625
	Elapsed time = 6.601 min
	Per-target losses:
		U | train loss: 9719.404883795616 | val loss: 106453.5234375
		charge | train loss: 24.0267009293473 | val loss: 24.010343551635742

[Epoch 47]:
	Average train loss: 91.76036
	Average val loss: 1018.8053588867188
	Gradient norm: 7449416.5
	Elapsed time = 6.561 min
	Per-target losses:
		U | train loss: 9176.036161650587 | val loss: 101880.546875
		charge | train loss: 23.983554024024297 | val loss: 24.010343551635742

[Epoch 48]:
	Average train loss: 89.08752
	Average val loss: 952.4977416992188
	Gradient norm: 4768908.0
	Elapsed time = 6.525 min
	Per-target losses:
		U | train loss: 8908.751616817193 | val loss: 95249.78125
		charge | train loss: 24.077209914930716 | val loss: 24.010343551635742

[Epoch 49]:
	Average train loss: 81.79062
	Average val loss: 1109.6572265625
	Gradient norm: 644085.25
	Elapsed time = 6.571 min
	Per-target losses:
		U | train loss: 8179.062193062801 | val loss: 110965.734375
		charge | train loss: 24.060100534938325 | val loss: 24.010343551635742

[Epoch 50]:
	Average train loss: 77.84833
	Average val loss: 1444.1416015625
	Gradient norm: 1508058.5
	Elapsed time = 6.590 min
	Per-target losses:
		U | train loss: 7784.833521060816 | val loss: 144414.15625
		charge | train loss: 24.086116580195075 | val loss: 24.010343551635742

[Epoch 51]:
	Average train loss: 74.44679
	Average val loss: 1121.3468017578125
	Gradient norm: 2601539.0
	Elapsed time = 6.641 min
	Per-target losses:
		U | train loss: 7444.679435678777 | val loss: 112134.671875
		charge | train loss: 24.002912293824572 | val loss: 24.010343551635742

[Epoch 52]:
	Average train loss: 70.54031
	Average val loss: 1132.57470703125
	Gradient norm: 1954632.75
	Elapsed time = 6.589 min
	Per-target losses:
		U | train loss: 7054.030971777999 | val loss: 113257.4765625
		charge | train loss: 24.04536724858636 | val loss: 24.010343551635742

[Epoch 53]:
	Average train loss: 64.45895
	Average val loss: 1290.482177734375
	Gradient norm: 4790659.0
	Elapsed time = 6.613 min
	Per-target losses:
		U | train loss: 6445.8946009898345 | val loss: 129048.21875
		charge | train loss: 24.049077848780076 | val loss: 24.010343551635742

[Epoch 54]:
	Average train loss: 66.53730
	Average val loss: 1518.245361328125
	Gradient norm: 9790988.0
	Elapsed time = 6.577 min
	Per-target losses:
		U | train loss: 6653.729993597453 | val loss: 151824.546875
		charge | train loss: 24.010348064627422 | val loss: 24.010343551635742

[Epoch 55]:
	Average train loss: 61.65702
	Average val loss: 1259.1337890625
	Gradient norm: 524185.90625
	Elapsed time = 6.591 min
	Per-target losses:
		U | train loss: 6165.701821244003 | val loss: 125913.3671875
		charge | train loss: 24.092852524622973 | val loss: 24.010343551635742

[Epoch 56]:
	Average train loss: 58.64001
	Average val loss: 1278.9029541015625
	Gradient norm: 3068249.0
	Elapsed time = 6.650 min
	Per-target losses:
		U | train loss: 5864.0010439571915 | val loss: 127890.296875
		charge | train loss: 23.99779478815578 | val loss: 24.010343551635742

[Epoch 57]:
	Average train loss: 56.04007
	Average val loss: 1565.2808837890625
	Gradient norm: 343091.53125
	Elapsed time = 6.613 min
	Per-target losses:
		U | train loss: 5604.007321760959 | val loss: 156528.125
		charge | train loss: 24.06661137318451 | val loss: 24.010343551635742

[Epoch 58]:
	Average train loss: 53.82757
	Average val loss: 1506.61279296875
	Gradient norm: 181651.5625
	Elapsed time = 6.662 min
	Per-target losses:
		U | train loss: 5382.75746242856 | val loss: 150661.28125
		charge | train loss: 23.97810598155796 | val loss: 24.010343551635742

[Epoch 59]:
	Average train loss: 52.27223
	Average val loss: 1487.392822265625
	Gradient norm: 2444829.5
	Elapsed time = 6.658 min
	Per-target losses:
		U | train loss: 5227.222868388131 | val loss: 148739.296875
		charge | train loss: 24.08590939476986 | val loss: 24.010343551635742

[Epoch 60]:
	Average train loss: 50.07951
	Average val loss: 1464.883544921875
	Gradient norm: 5343111.5
	Elapsed time = 6.386 min
	Per-target losses:
		U | train loss: 5007.95123694503 | val loss: 146488.328125
		charge | train loss: 24.0069722943658 | val loss: 24.010343551635742

[Epoch 61]:
	Average train loss: 48.37658
	Average val loss: 1514.3555908203125
	Gradient norm: 95334.8203125
	Elapsed time = 6.570 min
	Per-target losses:
		U | train loss: 4837.658069892218 | val loss: 151435.578125
		charge | train loss: 24.0333664778895 | val loss: 24.010343551635742

[Epoch 62]:
	Average train loss: 46.42946
	Average val loss: 1536.7578125
	Gradient norm: 519257.90625
	Elapsed time = 6.623 min
	Per-target losses:
		U | train loss: 4642.945792547648 | val loss: 153675.796875
		charge | train loss: 24.088764093386246 | val loss: 24.010343551635742

[Epoch 63]:
	Average train loss: 44.92377
	Average val loss: 1574.84716796875
	Gradient norm: 1794353.0
	Elapsed time = 6.554 min
	Per-target losses:
		U | train loss: 4492.376899831887 | val loss: 157484.734375
		charge | train loss: 23.971662169334873 | val loss: 24.010343551635742

[Epoch 64]:
	Average train loss: 43.39799
	Average val loss: 1556.3226318359375
	Gradient norm: 1084507.125
	Elapsed time = 6.521 min
	Per-target losses:
		U | train loss: 4339.798978603286 | val loss: 155632.265625
		charge | train loss: 24.13930083857287 | val loss: 24.010343551635742

[Epoch 65]:
	Average train loss: 42.19019
	Average val loss: 1437.3262939453125
	Gradient norm: 594912.5625
	Elapsed time = 6.639 min
	Per-target losses:
		U | train loss: 4219.019398324442 | val loss: 143732.625
		charge | train loss: 23.956446483151225 | val loss: 24.010343551635742

[Epoch 66]:
	Average train loss: 42.27367
	Average val loss: 1611.3521728515625
	Gradient norm: 1038993.0
	Elapsed time = 6.417 min
	Per-target losses:
		U | train loss: 4227.366929831281 | val loss: 161135.21875
		charge | train loss: 24.082703167320098 | val loss: 24.010343551635742

[Epoch 67]:
	Average train loss: 39.96900
	Average val loss: 1617.248779296875
	Gradient norm: 755074.125
	Elapsed time = 6.566 min
	Per-target losses:
		U | train loss: 3996.899599531033 | val loss: 161724.875
		charge | train loss: 24.052576339004823 | val loss: 24.010343551635742

[Epoch 68]:
	Average train loss: 38.10439
	Average val loss: 1634.6500244140625
	Gradient norm: 130878.0546875
	Elapsed time = 6.562 min
	Per-target losses:
		U | train loss: 3810.4390100159103 | val loss: 163465.0
		charge | train loss: 24.01392802776106 | val loss: 24.010343551635742

[Epoch 69]:
	Average train loss: 40.58709
	Average val loss: 1705.4630126953125
	Gradient norm: 108546.9296875
	Elapsed time = 6.617 min
	Per-target losses:
		U | train loss: 4058.709157690266 | val loss: 170546.3125
		charge | train loss: 24.014874460873187 | val loss: 24.010343551635742

[Epoch 70]:
	Average train loss: 38.23970
	Average val loss: 1694.1771240234375
	Gradient norm: 4134748.5
	Elapsed time = 6.439 min
	Per-target losses:
		U | train loss: 3823.970226083026 | val loss: 169417.71875
		charge | train loss: 24.110188737651647 | val loss: 24.010343551635742

[Epoch 71]:
	Average train loss: 35.11082
	Average val loss: 1693.6781005859375
	Gradient norm: 1273201.375
	Elapsed time = 6.399 min
	Per-target losses:
		U | train loss: 3511.0816092676764 | val loss: 169367.828125
		charge | train loss: 24.08956953535144 | val loss: 24.010343551635742

[Epoch 72]:
	Average train loss: 38.50533
	Average val loss: 1639.001220703125
	Gradient norm: 944976.4375
	Elapsed time = 6.674 min
	Per-target losses:
		U | train loss: 3850.533198608808 | val loss: 163900.15625
		charge | train loss: 23.918884624890833 | val loss: 24.010343551635742

[Epoch 73]:
	Average train loss: 37.03129
	Average val loss: 1660.2960205078125
	Gradient norm: 196486.09375
	Elapsed time = 6.663 min
	Per-target losses:
		U | train loss: 3703.1293780077226 | val loss: 166029.609375
		charge | train loss: 24.07607796496193 | val loss: 24.010343551635742

[Epoch 74]:
	Average train loss: 35.74419
	Average val loss: 1678.8673095703125
	Gradient norm: 820005.8125
	Elapsed time = 6.659 min
	Per-target losses:
		U | train loss: 3574.4185767103363 | val loss: 167886.75
		charge | train loss: 24.12676849621254 | val loss: 24.010343551635742

[Epoch 75]:
	Average train loss: 33.77852
	Average val loss: 1651.66796875
	Gradient norm: 1430365.625
	Elapsed time = 6.626 min
	Per-target losses:
		U | train loss: 3377.851992147561 | val loss: 165166.796875
		charge | train loss: 23.945123438867146 | val loss: 24.010343551635742

[Epoch 76]:
	Average train loss: 37.17121
	Average val loss: 1678.29345703125
	Gradient norm: 562803.125
	Elapsed time = 6.572 min
	Per-target losses:
		U | train loss: 3717.120971567039 | val loss: 167829.375
		charge | train loss: 24.069736774495784 | val loss: 24.010343551635742

[Epoch 77]:
	Average train loss: 34.90127
	Average val loss: 1695.9542236328125
	Gradient norm: 1139410.875
	Elapsed time = 6.675 min
	Per-target losses:
		U | train loss: 3490.126781023269 | val loss: 169595.4375
		charge | train loss: 23.959719558370193 | val loss: 24.010343551635742

[Epoch 78]:
	Average train loss: 34.71555
	Average val loss: 1703.29638671875
	Gradient norm: 75005.265625
	Elapsed time = 6.598 min
	Per-target losses:
		U | train loss: 3471.555200368126 | val loss: 170329.65625
		charge | train loss: 24.111583111590186 | val loss: 24.010343551635742

[Epoch 79]:
	Average train loss: 34.52754
	Average val loss: 1734.4229736328125
	Gradient norm: 36776.03125
	Elapsed time = 6.611 min
	Per-target losses:
		U | train loss: 3452.7536411515816 | val loss: 173442.3125
		charge | train loss: 24.038881241075146 | val loss: 24.010343551635742

