Found box in energy kwargs
Remove replicated senders in neighbor list
vectors /= r_cutoff Works
receivers Works
net Works
Use a custom scatter implementation
Out irreps 192x0e+256x1o+64x1e
Irreps after layer are 64x1e+64x1o
Use a custom scatter implementation
Out irreps 64x0e+192x1o+192x1e
Irreps after layer are 64x1e+64x1o
Use a custom scatter implementation
Out irreps 64x0e+192x1o
Irreps after layer are 64x1o
Use a custom scatter implementation
Out irreps 64x0e
Irreps after layer are Irreps()
features, qeq_features  work
Replicate potential outputs
features, qeq_features  work
[Potential] Found precomputed forces.
Read out charge from aux.
Found box in energy kwargs
[Potential] Found precomputed forces.
Read out charge from aux.
[Epoch 0]:
	Average train loss: 2411.22096
	Average val loss: 2460.096923828125
	Gradient norm: 0.0
	Elapsed time = 8.383 min
	Per-target losses:
		U | train loss: 3338335.834898426 | val loss: 2958143.0
		charge | train loss: 24.112209011616443 | val loss: 24.600969314575195

[Epoch 1]:
	Average train loss: 2410.83067
	Average val loss: 2460.096923828125
	Gradient norm: 0.0
	Elapsed time = 7.573 min
	Per-target losses:
		U | train loss: 3337546.05862735 | val loss: 2957652.0
		charge | train loss: 24.108306201219897 | val loss: 24.600969314575195

[Epoch 2]:
	Average train loss: 2411.09486
	Average val loss: 2460.096923828125
	Gradient norm: 0.0
	Elapsed time = 7.907 min
	Per-target losses:
		U | train loss: 3337041.793752223 | val loss: 2957101.5
		charge | train loss: 24.110948124956103 | val loss: 24.600969314575195

[Epoch 3]:
	Average train loss: 2411.68249
	Average val loss: 2460.096923828125
	Gradient norm: 0.0
	Elapsed time = 8.191 min
	Per-target losses:
		U | train loss: 3336461.467210143 | val loss: 2956988.25
		charge | train loss: 24.11682437273381 | val loss: 24.600969314575195

[Epoch 4]:
	Average train loss: 2410.91820
	Average val loss: 2460.096923828125
	Gradient norm: 0.0
	Elapsed time = 8.120 min
	Per-target losses:
		U | train loss: 3337023.643628312 | val loss: 2956988.25
		charge | train loss: 24.109181492969626 | val loss: 24.600969314575195

[Epoch 5]:
	Average train loss: 2410.98525
	Average val loss: 2460.096923828125
	Gradient norm: 0.0
	Elapsed time = 8.134 min
	Per-target losses:
		U | train loss: 3336353.2050246433 | val loss: 2956988.5
		charge | train loss: 24.109851971628995 | val loss: 24.600969314575195

[Epoch 6]:
	Average train loss: 2411.64599
	Average val loss: 2460.096923828125
	Gradient norm: 0.0
	Elapsed time = 7.719 min
	Per-target losses:
		U | train loss: 3337299.6390212425 | val loss: 2956988.25
		charge | train loss: 24.11645933167524 | val loss: 24.600969314575195

