Found box in energy kwargs
[Potential] Found precomputed forces.
Read out charge from aux.
Found box in energy kwargs
[Potential] Found precomputed forces.
Read out charge from aux.
[Epoch 0]:
	Average train loss: 281124629.28996
	Average val loss: 3103667.75
	Gradient norm: 39253081849856.0
	Elapsed time = 6.372 min
	Per-target losses:
		U | train loss: 281124629.28996235 | val loss: 3103667.75
		charge | train loss: 137.09933506131796 | val loss: 23.356908798217773

[Epoch 1]:
	Average train loss: 32685474689.41631
	Average val loss: 3105888.75
	Gradient norm: 2961950375936.0
	Elapsed time = 5.978 min
	Per-target losses:
		U | train loss: 32685474689.416313 | val loss: 3105888.75
		charge | train loss: 1521517.0419840375 | val loss: 22.157909393310547

[Epoch 2]:
	Average train loss: 66164276.68460
	Average val loss: 3275240.5
	Gradient norm: 141290471424.0
	Elapsed time = 5.896 min
	Per-target losses:
		U | train loss: 66164276.684595875 | val loss: 3275240.5
		charge | train loss: 839.9201717751189 | val loss: 23.787206649780273

[Epoch 3]:
	Average train loss: 4348106.74043
	Average val loss: 3104119.0
	Gradient norm: 987214512128.0
	Elapsed time = 5.929 min
	Per-target losses:
		U | train loss: 4348106.740428665 | val loss: 3104119.0
		charge | train loss: 80.32268296111941 | val loss: 22.10726547241211

[Epoch 4]:
	Average train loss: 3443823.18318
	Average val loss: 3101801.0
	Gradient norm: 54792847360.0
	Elapsed time = 5.950 min
	Per-target losses:
		U | train loss: 3443823.1831847187 | val loss: 3101801.0
		charge | train loss: 23.939197983417213 | val loss: 22.118881225585938

[Epoch 5]:
	Average train loss: 361353159.80988
	Average val loss: 3101812.5
	Gradient norm: 56459280384.0
	Elapsed time = 5.959 min
	Per-target losses:
		U | train loss: 361353159.8098822 | val loss: 3101812.5
		charge | train loss: 538.4134986912393 | val loss: 22.118663787841797

[Epoch 6]:
	Average train loss: 3772463.29475
	Average val loss: 3102361.5
	Gradient norm: 368673718272.0
	Elapsed time = 5.817 min
	Per-target losses:
		U | train loss: 3772463.2947480367 | val loss: 3102361.5
		charge | train loss: 88.007837360442 | val loss: 22.118408203125

[Epoch 7]:
	Average train loss: 3060157.62328
	Average val loss: 3105263.5
	Gradient norm: 7274397184.0
	Elapsed time = 5.905 min
	Per-target losses:
		U | train loss: 3060157.623282068 | val loss: 3105263.5
		charge | train loss: 22.729092973689134 | val loss: 22.11909294128418

[Epoch 8]:
	Average train loss: 3028911.97529
	Average val loss: 3142805.75
	Gradient norm: 3621025792.0
	Elapsed time = 5.979 min
	Per-target losses:
		U | train loss: 3028911.9752945025 | val loss: 3142805.75
		charge | train loss: 22.312235913351568 | val loss: 22.11042022705078

[Epoch 9]:
	Average train loss: 3021287.31929
	Average val loss: 3122671.5
	Gradient norm: 274702696448.0
	Elapsed time = 5.951 min
	Per-target losses:
		U | train loss: 3021287.3192899213 | val loss: 3122671.5
		charge | train loss: 22.324482424721044 | val loss: 22.10869598388672

[Epoch 10]:
	Average train loss: 9233315.03221
	Average val loss: 3106537.25
	Gradient norm: 66731312.0
	Elapsed time = 6.013 min
	Per-target losses:
		U | train loss: 9233315.032211224 | val loss: 3106537.25
		charge | train loss: 24.43349768478833 | val loss: 22.11009979248047

[Epoch 11]:
	Average train loss: 744847806.22358
	Average val loss: 3109052.0
	Gradient norm: 311026647040.0
	Elapsed time = 5.813 min
	Per-target losses:
		U | train loss: 744847806.2235765 | val loss: 3109052.0
		charge | train loss: 999.0866436633764 | val loss: 22.108675003051758

[Epoch 12]:
	Average train loss: 2997422.44611
	Average val loss: 3103364.5
	Gradient norm: 846009408.0
	Elapsed time = 5.958 min
	Per-target losses:
		U | train loss: 2997422.446110111 | val loss: 3103364.5
		charge | train loss: 22.323489403849496 | val loss: 22.108684539794922

[Epoch 13]:
	Average train loss: 3047604.39424
	Average val loss: 3109192.25
	Gradient norm: 30968401920.0
	Elapsed time = 6.029 min
	Per-target losses:
		U | train loss: 3047604.394244928 | val loss: 3109192.25
		charge | train loss: 22.288313390072727 | val loss: 22.10867691040039

[Epoch 14]:
	Average train loss: 3045555.47378
	Average val loss: 3102947.25
	Gradient norm: 8190853632.0
	Elapsed time = 5.955 min
	Per-target losses:
		U | train loss: 3045555.4737810865 | val loss: 3102947.25
		charge | train loss: 22.30251164086826 | val loss: 22.108739852905273

[Epoch 15]:
	Average train loss: 3031178.85217
	Average val loss: 3103811.5
	Gradient norm: 381702569984.0
	Elapsed time = 5.899 min
	Per-target losses:
		U | train loss: 3031178.8521709344 | val loss: 3103811.5
		charge | train loss: 22.328370710942135 | val loss: 22.108821868896484

[Epoch 16]:
	Average train loss: 2991927.39660
	Average val loss: 3106782.5
	Gradient norm: 231175323648.0
	Elapsed time = 5.928 min
	Per-target losses:
		U | train loss: 2991927.3965968587 | val loss: 3106782.5
		charge | train loss: 22.292774481299038 | val loss: 22.10867691040039

[Epoch 17]:
	Average train loss: 3075890.84434
	Average val loss: 3105909.25
	Gradient norm: 163780608000.0
	Elapsed time = 5.959 min
	Per-target losses:
		U | train loss: 3075890.8443430956 | val loss: 3105909.25
		charge | train loss: 22.260330096589332 | val loss: 22.108863830566406

[Epoch 18]:
	Average train loss: 3041867.89807
	Average val loss: 3102097.25
	Gradient norm: 284432433152.0
	Elapsed time = 5.947 min
	Per-target losses:
		U | train loss: 3041867.898069372 | val loss: 3102097.25
		charge | train loss: 22.371928231254298 | val loss: 22.108680725097656

[Epoch 19]:
	Average train loss: 288865304559.39380
	Average val loss: 3248667.0
	Gradient norm: 2623547218329600.0
	Elapsed time = 5.923 min
	Per-target losses:
		U | train loss: 288865304559.3938 | val loss: 3248667.0
		charge | train loss: 304803.80543020385 | val loss: 23.309032440185547

[Epoch 20]:
	Average train loss: 135724092.43663
	Average val loss: 3101846.5
	Gradient norm: 966045990912.0
	Elapsed time = 5.974 min
	Per-target losses:
		U | train loss: 135724092.43663082 | val loss: 3101846.5
		charge | train loss: 29.211895585684253 | val loss: 22.110820770263672

[Epoch 21]:
	Average train loss: 3039545.54299
	Average val loss: 3111974.25
	Gradient norm: 16832461275136.0
	Elapsed time = 5.915 min
	Per-target losses:
		U | train loss: 3039545.5429892014 | val loss: 3111974.25
		charge | train loss: 22.276378702742893 | val loss: 22.108675003051758

[Epoch 22]:
	Average train loss: 3046496.52098
	Average val loss: 3101904.75
	Gradient norm: 46483808256.0
	Elapsed time = 5.976 min
	Per-target losses:
		U | train loss: 3046496.5209833113 | val loss: 3101904.75
		charge | train loss: 22.32336815614351 | val loss: 22.108726501464844

[Epoch 23]:
	Average train loss: 3048236.20161
	Average val loss: 3102992.0
	Gradient norm: 1734493952.0
	Elapsed time = 5.964 min
	Per-target losses:
		U | train loss: 3048236.2016115836 | val loss: 3102992.0
		charge | train loss: 22.301742601145 | val loss: 22.10883140563965

[Epoch 24]:
	Average train loss: 3045846.09373
	Average val loss: 3126867.5
	Gradient norm: 2442884808704.0
	Elapsed time = 5.917 min
	Per-target losses:
		U | train loss: 3045846.0937295486 | val loss: 3126867.5
		charge | train loss: 22.321533533915176 | val loss: 22.108713150024414

[Epoch 25]:
	Average train loss: 3046499.82866
	Average val loss: 3105224.0
	Gradient norm: 30903951360.0
	Elapsed time = 5.762 min
	Per-target losses:
		U | train loss: 3046499.828656741 | val loss: 3105224.0
		charge | train loss: 22.302345704033737 | val loss: 22.10883140563965

[Epoch 26]:
	Average train loss: 3031250.20071
	Average val loss: 3138477.25
	Gradient norm: 228801314816.0
	Elapsed time = 5.973 min
	Per-target losses:
		U | train loss: 3031250.2007117146 | val loss: 3138477.25
		charge | train loss: 22.31428725931657 | val loss: 22.108774185180664

[Epoch 27]:
	Average train loss: 3010957.65787
	Average val loss: 3101799.5
	Gradient norm: 4404672000.0
	Elapsed time = 6.009 min
	Per-target losses:
		U | train loss: 3010957.6578656742 | val loss: 3101799.5
		charge | train loss: 22.272011889213044 | val loss: 22.108766555786133

[Epoch 28]:
	Average train loss: 131218426.17946
	Average val loss: 3044020.0
	Gradient norm: 1769995214258176.0
	Elapsed time = 5.956 min
	Per-target losses:
		U | train loss: 131218426.17946254 | val loss: 3044020.0
		charge | train loss: 53.66260892308819 | val loss: 23.456501007080078

[Epoch 29]:
	Average train loss: 3903696.18001
	Average val loss: 3163509.75
	Gradient norm: 2611189792112640.0
	Elapsed time = 6.005 min
	Per-target losses:
		U | train loss: 3903696.1800147253 | val loss: 3163509.75
		charge | train loss: 22.515693473566266 | val loss: 22.107763290405273

[Epoch 30]:
	Average train loss: 3053007.54430
	Average val loss: 3104132.25
	Gradient norm: 19805978.0
	Elapsed time = 5.887 min
	Per-target losses:
		U | train loss: 3053007.544298102 | val loss: 3104132.25
		charge | train loss: 22.37618122675032 | val loss: 22.108985900878906

[Epoch 31]:
	Average train loss: 17977526.43918
	Average val loss: 3104391.25
	Gradient norm: 439940747886592.0
	Elapsed time = 5.828 min
	Per-target losses:
		U | train loss: 17977526.43917703 | val loss: 3104391.25
		charge | train loss: 30.53693105537854 | val loss: 22.11064910888672

[Epoch 32]:
	Average train loss: 3040814.19957
	Average val loss: 3118323.0
	Gradient norm: 1.382704591405056e+18
	Elapsed time = 5.973 min
	Per-target losses:
		U | train loss: 3040814.1995664267 | val loss: 3118323.0
		charge | train loss: 22.25730049922204 | val loss: 22.10882568359375

[Epoch 33]:
	Average train loss: 8934668.90735
	Average val loss: 3120398.75
	Gradient norm: 241068556288.0
	Elapsed time = 5.926 min
	Per-target losses:
		U | train loss: 8934668.907354385 | val loss: 3120398.75
		charge | train loss: 22.525876696821282 | val loss: 22.108964920043945

[Epoch 34]:
	Average train loss: 3055893.78863
	Average val loss: 3109107.75
	Gradient norm: 159441485824.0
	Elapsed time = 5.904 min
	Per-target losses:
		U | train loss: 3055893.788633017 | val loss: 3109107.75
		charge | train loss: 22.319642587481994 | val loss: 22.108943939208984

[Epoch 35]:
	Average train loss: 3028539.61214
	Average val loss: 3101890.0
	Gradient norm: 392478016.0
	Elapsed time = 5.904 min
	Per-target losses:
		U | train loss: 3028539.612135962 | val loss: 3101890.0
		charge | train loss: 22.2600642149361 | val loss: 22.108884811401367

[Epoch 36]:
	Average train loss: 3048293.27401
	Average val loss: 3109880.5
	Gradient norm: 121641082880.0
	Elapsed time = 5.946 min
	Per-target losses:
		U | train loss: 3048293.274010144 | val loss: 3109880.5
		charge | train loss: 22.264852835869913 | val loss: 22.108844757080078

[Epoch 37]:
	Average train loss: 172077302.05117
	Average val loss: 3101199.25
	Gradient norm: 76250849280.0
	Elapsed time = 5.941 min
	Per-target losses:
		U | train loss: 172077302.05116984 | val loss: 3101199.25
		charge | train loss: 27.320768031774392 | val loss: 22.109066009521484

[Epoch 38]:
	Average train loss: 3105722.23053
	Average val loss: 3104638.75
	Gradient norm: 435052320.0
	Elapsed time = 5.915 min
	Per-target losses:
		U | train loss: 3105722.2305301046 | val loss: 3104638.75
		charge | train loss: 22.27667818144354 | val loss: 22.10856056213379

[Epoch 39]:
	Average train loss: 3478801.44165
	Average val loss: 3104161.25
	Gradient norm: 32483932160.0
	Elapsed time = 6.027 min
	Per-target losses:
		U | train loss: 3478801.441651669 | val loss: 3104161.25
		charge | train loss: 22.371344623765395 | val loss: 22.10847282409668

[Epoch 40]:
	Average train loss: 3107472.58988
	Average val loss: 3102372.0
	Gradient norm: 201051406336.0
	Elapsed time = 6.000 min
	Per-target losses:
		U | train loss: 3107472.589884653 | val loss: 3102372.0
		charge | train loss: 22.259565337166112 | val loss: 22.108736038208008

[Epoch 41]:
	Average train loss: 3038366.74550
	Average val loss: 3102180.0
	Gradient norm: 52106928128.0
	Elapsed time = 6.000 min
	Per-target losses:
		U | train loss: 3038366.7455006544 | val loss: 3102180.0
		charge | train loss: 22.316106068526263 | val loss: 22.108736038208008

[Epoch 42]:
	Average train loss: 3024746.62089
	Average val loss: 3110364.5
	Gradient norm: 22092476416.0
	Elapsed time = 5.926 min
	Per-target losses:
		U | train loss: 3024746.6208892344 | val loss: 3110364.5
		charge | train loss: 22.314712045080373 | val loss: 22.108732223510742

[Epoch 43]:
	Average train loss: 3015415.51156
	Average val loss: 3112164.0
	Gradient norm: 63834248.0
	Elapsed time = 5.808 min
	Per-target losses:
		U | train loss: 3015415.5115551376 | val loss: 3112164.0
		charge | train loss: 22.240304119299843 | val loss: 22.108694076538086

[Epoch 44]:
	Average train loss: 17730850.40273
	Average val loss: 3101827.25
	Gradient norm: 131821748224.0
	Elapsed time = 5.951 min
	Per-target losses:
		U | train loss: 17730850.40273233 | val loss: 3101827.25
		charge | train loss: 24.959996186001764 | val loss: 22.108745574951172

[Epoch 45]:
	Average train loss: 3094520.35351
	Average val loss: 3101856.75
	Gradient norm: 225685405696.0
	Elapsed time = 5.991 min
	Per-target losses:
		U | train loss: 3094520.353505399 | val loss: 3101856.75
		charge | train loss: 22.30721625233196 | val loss: 22.108787536621094

[Epoch 46]:
	Average train loss: 3059354.10811
	Average val loss: 3102943.5
	Gradient norm: 11162914816.0
	Elapsed time = 6.009 min
	Per-target losses:
		U | train loss: 3059354.1081070025 | val loss: 3102943.5
		charge | train loss: 22.322013663995953 | val loss: 22.108736038208008

[Epoch 47]:
	Average train loss: 3667077.23118
	Average val loss: 3130282.5
	Gradient norm: 25987149824.0
	Elapsed time = 5.988 min
	Per-target losses:
		U | train loss: 3667077.2311845548 | val loss: 3130282.5
		charge | train loss: 22.304439363679336 | val loss: 22.108694076538086

[Epoch 48]:
	Average train loss: 3035300.25423
	Average val loss: 3106013.5
	Gradient norm: 83299246080.0
	Elapsed time = 5.905 min
	Per-target losses:
		U | train loss: 3035300.2542334753 | val loss: 3106013.5
		charge | train loss: 22.304355638813597 | val loss: 22.10873031616211

[Epoch 49]:
	Average train loss: 3186001.85471
	Average val loss: 3104698.5
	Gradient norm: 25463240704.0
	Elapsed time = 5.927 min
	Per-target losses:
		U | train loss: 3186001.854712042 | val loss: 3104698.5
		charge | train loss: 22.30963928786872 | val loss: 22.108745574951172

[Epoch 50]:
	Average train loss: 3048610.88318
	Average val loss: 3105262.5
	Gradient norm: 3305126144.0
	Elapsed time = 5.911 min
	Per-target losses:
		U | train loss: 3048610.883180628 | val loss: 3105262.5
		charge | train loss: 22.369313212589443 | val loss: 22.108736038208008

[Epoch 51]:
	Average train loss: 3005661.43067
	Average val loss: 3123194.25
	Gradient norm: 88492687360.0
	Elapsed time = 5.899 min
	Per-target losses:
		U | train loss: 3005661.4306691755 | val loss: 3123194.25
		charge | train loss: 22.23732313186086 | val loss: 22.108715057373047

[Epoch 52]:
	Average train loss: 3038469.49953
	Average val loss: 3104347.0
	Gradient norm: 140485361664.0
	Elapsed time = 5.996 min
	Per-target losses:
		U | train loss: 3038469.4995296136 | val loss: 3104347.0
		charge | train loss: 22.287347978322295 | val loss: 22.108701705932617

[Epoch 53]:
	Average train loss: 3028812.61659
	Average val loss: 3102141.75
	Gradient norm: 20145717248.0
	Elapsed time = 5.940 min
	Per-target losses:
		U | train loss: 3028812.6165944044 | val loss: 3102141.75
		charge | train loss: 22.320215317591323 | val loss: 22.10869789123535

[Epoch 54]:
	Average train loss: 3558905.61095
	Average val loss: 3118103.5
	Gradient norm: 28244313112576.0
	Elapsed time = 5.971 min
	Per-target losses:
		U | train loss: 3558905.610949771 | val loss: 3118103.5
		charge | train loss: 22.259257555007935 | val loss: 22.10848045349121

[Epoch 55]:
	Average train loss: 3152697.23319
	Average val loss: 3102276.25
	Gradient norm: 381999264.0
	Elapsed time = 6.031 min
	Per-target losses:
		U | train loss: 3152697.233188809 | val loss: 3102276.25
		charge | train loss: 22.342384293441373 | val loss: 22.10863494873047

[Epoch 56]:
	Average train loss: 3030962.07465
	Average val loss: 3096496.0
	Gradient norm: 406780248064.0
	Elapsed time = 5.939 min
	Per-target losses:
		U | train loss: 3030962.074648233 | val loss: 3096496.0
		charge | train loss: 22.29558167906956 | val loss: 22.10014533996582

[Epoch 57]:
	Average train loss: 3077472.65400
	Average val loss: 3106619.0
	Gradient norm: 1281102208.0
	Elapsed time = 5.941 min
	Per-target losses:
		U | train loss: 3077472.6540003275 | val loss: 3106619.0
		charge | train loss: 22.372369456665677 | val loss: 22.108734130859375

[Epoch 58]:
	Average train loss: 3085153.50356
	Average val loss: 3107907.0
	Gradient norm: 7573920768.0
	Elapsed time = 6.013 min
	Per-target losses:
		U | train loss: 3085153.5035585733 | val loss: 3107907.0
		charge | train loss: 22.222067995221202 | val loss: 22.10870933532715

[Epoch 59]:
	Average train loss: 2961306.72996
	Average val loss: 3103800.75
	Gradient norm: 707535503360.0
	Elapsed time = 6.014 min
	Per-target losses:
		U | train loss: 2961306.729957461 | val loss: 3103800.75
		charge | train loss: 22.361980968744966 | val loss: 22.10658073425293

[Epoch 60]:
	Average train loss: 3089497.62264
	Average val loss: 3083825.75
	Gradient norm: 2197541617664.0
	Elapsed time = 6.016 min
	Per-target losses:
		U | train loss: 3089497.6226378437 | val loss: 3083825.75
		charge | train loss: 22.335323421118773 | val loss: 22.0517520904541

[Epoch 61]:
	Average train loss: 3004522.75131
	Average val loss: 3103472.25
	Gradient norm: 16684721111040.0
	Elapsed time = 6.022 min
	Per-target losses:
		U | train loss: 3004522.7513089003 | val loss: 3103472.25
		charge | train loss: 22.306568510245278 | val loss: 22.10696029663086

[Epoch 62]:
	Average train loss: 3051910.22638
	Average val loss: 3101230.5
	Gradient norm: 61721788416.0
	Elapsed time = 5.992 min
	Per-target losses:
		U | train loss: 3051910.2263784357 | val loss: 3101230.5
		charge | train loss: 22.23247444816909 | val loss: 22.10865592956543

[Epoch 63]:
	Average train loss: 3038608.68541
	Average val loss: 3095938.0
	Gradient norm: 49586769920.0
	Elapsed time = 5.998 min
	Per-target losses:
		U | train loss: 3038608.68541394 | val loss: 3095938.0
		charge | train loss: 22.33866129620537 | val loss: 22.108278274536133

[Epoch 64]:
	Average train loss: 2993616.33806
	Average val loss: 2889539.75
	Gradient norm: 289940793458688.0
	Elapsed time = 5.960 min
	Per-target losses:
		U | train loss: 2993616.3380644633 | val loss: 2889539.75
		charge | train loss: 22.281532798137963 | val loss: 22.11191177368164

[Epoch 65]:
	Average train loss: 2803426.37003
	Average val loss: 2889812.75
	Gradient norm: 5893912526848.0
	Elapsed time = 5.976 min
	Per-target losses:
		U | train loss: 2803426.370030268 | val loss: 2889812.75
		charge | train loss: 22.2928934134738 | val loss: 22.10863494873047

[Epoch 66]:
	Average train loss: 2808225.64262
	Average val loss: 2980305.25
	Gradient norm: 2015119671296.0
	Elapsed time = 5.972 min
	Per-target losses:
		U | train loss: 2808225.642619028 | val loss: 2980305.25
		charge | train loss: 22.32889835372645 | val loss: 22.11064910888672

[Epoch 67]:
	Average train loss: 2754373.14001
	Average val loss: 2842429.0
	Gradient norm: 22709798961152.0
	Elapsed time = 5.921 min
	Per-target losses:
		U | train loss: 2754373.140011453 | val loss: 2842429.0
		charge | train loss: 22.202997657016933 | val loss: 22.118452072143555

[Epoch 68]:
	Average train loss: 2693280.11101
	Average val loss: 2861088.5
	Gradient norm: 57033998991360.0
	Elapsed time = 5.964 min
	Per-target losses:
		U | train loss: 2693280.1110111256 | val loss: 2861088.5
		charge | train loss: 22.319030544520672 | val loss: 22.117080688476562

[Epoch 69]:
	Average train loss: 2703887.94842
	Average val loss: 2795964.75
	Gradient norm: 19006496964608.0
	Elapsed time = 5.982 min
	Per-target losses:
		U | train loss: 2703887.948421139 | val loss: 2795964.75
		charge | train loss: 22.37262848784162 | val loss: 22.11212730407715

[Epoch 70]:
	Average train loss: 2717482.74888
	Average val loss: 2814433.75
	Gradient norm: 65362200625152.0
	Elapsed time = 6.039 min
	Per-target losses:
		U | train loss: 2717482.7488751635 | val loss: 2814433.75
		charge | train loss: 22.311300805725978 | val loss: 22.103105545043945

[Epoch 71]:
	Average train loss: 2721949.23667
	Average val loss: 2803180.75
	Gradient norm: 1058181895684096.0
	Elapsed time = 5.958 min
	Per-target losses:
		U | train loss: 2721949.2366655758 | val loss: 2803180.75
		charge | train loss: 22.281595208882038 | val loss: 22.108190536499023

[Epoch 72]:
	Average train loss: 3061664.74393
	Average val loss: 2690693.5
	Gradient norm: 68000635944960.0
	Elapsed time = 5.895 min
	Per-target losses:
		U | train loss: 3061664.7439258834 | val loss: 2690693.5
		charge | train loss: 22.518137844445192 | val loss: 22.105144500732422

[Epoch 73]:
	Average train loss: 2575803.60013
	Average val loss: 2629327.25
	Gradient norm: 97988160520192.0
	Elapsed time = 5.936 min
	Per-target losses:
		U | train loss: 2575803.60013089 | val loss: 2629327.25
		charge | train loss: 22.388594586187633 | val loss: 22.121429443359375

[Epoch 74]:
	Average train loss: 2609419.23333
	Average val loss: 2646214.5
	Gradient norm: 13795394060288.0
	Elapsed time = 5.943 min
	Per-target losses:
		U | train loss: 2609419.23333197 | val loss: 2646214.5
		charge | train loss: 22.223449898015765 | val loss: 22.110586166381836

[Epoch 75]:
	Average train loss: 2513249.84334
	Average val loss: 2494559.5
	Gradient norm: 435973909381120.0
	Elapsed time = 5.997 min
	Per-target losses:
		U | train loss: 2513249.8433409687 | val loss: 2494559.5
		charge | train loss: 22.37502511758455 | val loss: 22.11532974243164

[Epoch 76]:
	Average train loss: 2023449.09436
	Average val loss: 1549312.875
	Gradient norm: 342592596213760.0
	Elapsed time = 5.980 min
	Per-target losses:
		U | train loss: 2023449.0943635472 | val loss: 1549312.875
		charge | train loss: 22.162276320432493 | val loss: 21.96001434326172

[Epoch 77]:
	Average train loss: 1392350.00582
	Average val loss: 1058543.375
	Gradient norm: 914492489728000.0
	Elapsed time = 6.036 min
	Per-target losses:
		U | train loss: 1392350.0058184718 | val loss: 1058543.375
		charge | train loss: 22.168149096803514 | val loss: 21.95982551574707

[Epoch 78]:
	Average train loss: 1105324.83021
	Average val loss: 1194139.5
	Gradient norm: 1784706685206528.0
	Elapsed time = 5.990 min
	Per-target losses:
		U | train loss: 1105324.8302110601 | val loss: 1194139.5
		charge | train loss: 22.241656677885207 | val loss: 22.035104751586914

[Epoch 79]:
	Average train loss: 847236.06665
	Average val loss: 615945.25
	Gradient norm: 16197541167104.0
	Elapsed time = 6.021 min
	Per-target losses:
		U | train loss: 847236.0666542253 | val loss: 615945.25
		charge | train loss: 22.324945589634762 | val loss: 21.933324813842773

[Epoch 80]:
	Average train loss: 637162.90267
	Average val loss: 675635.125
	Gradient norm: 4783836042887168.0
	Elapsed time = 5.995 min
	Per-target losses:
		U | train loss: 637162.9026709751 | val loss: 675635.125
		charge | train loss: 22.102337678689608 | val loss: 22.047807693481445

[Epoch 81]:
	Average train loss: 526811.80363
	Average val loss: 506103.53125
	Gradient norm: 13150214684672.0
	Elapsed time = 6.023 min
	Per-target losses:
		U | train loss: 526811.8036342441 | val loss: 506103.53125
		charge | train loss: 22.200915743543217 | val loss: 22.032665252685547

[Epoch 82]:
	Average train loss: 438537.91616
	Average val loss: 382622.4375
	Gradient norm: 55826391760896.0
	Elapsed time = 5.965 min
	Per-target losses:
		U | train loss: 438537.916158786 | val loss: 382622.4375
		charge | train loss: 22.165999543604425 | val loss: 21.99274253845215

[Epoch 83]:
	Average train loss: 375458.98943
	Average val loss: 441311.40625
	Gradient norm: 6337943652270080.0
	Elapsed time = 5.952 min
	Per-target losses:
		U | train loss: 375458.9894342073 | val loss: 441311.40625
		charge | train loss: 22.130551635282828 | val loss: 21.953433990478516

[Epoch 84]:
	Average train loss: 334707.86803
	Average val loss: 497425.6875
	Gradient norm: 189148681994240.0
	Elapsed time = 5.985 min
	Per-target losses:
		U | train loss: 334707.8680260144 | val loss: 497425.6875
		charge | train loss: 22.155071606810804 | val loss: 21.985395431518555

[Epoch 85]:
	Average train loss: 489696.23957
	Average val loss: 867365.375
	Gradient norm: 1.3230391204773888e+16
	Elapsed time = 5.986 min
	Per-target losses:
		U | train loss: 489696.2395722554 | val loss: 867365.375
		charge | train loss: 22.291735386973276 | val loss: 22.035018920898438

[Epoch 86]:
	Average train loss: 292460.71696
	Average val loss: 354247.6875
	Gradient norm: 46907825061888.0
	Elapsed time = 5.998 min
	Per-target losses:
		U | train loss: 292460.71696048754 | val loss: 354247.6875
		charge | train loss: 22.20897191856544 | val loss: 21.99530601501465

[Epoch 87]:
	Average train loss: 252700.21634
	Average val loss: 327081.25
	Gradient norm: 1808559591391232.0
	Elapsed time = 5.953 min
	Per-target losses:
		U | train loss: 252700.216344384 | val loss: 327081.25
		charge | train loss: 22.117024500332576 | val loss: 22.007844924926758

[Epoch 88]:
	Average train loss: 254577.66221
	Average val loss: 302354.125
	Gradient norm: 86546501861376.0
	Elapsed time = 5.957 min
	Per-target losses:
		U | train loss: 254577.6622077982 | val loss: 302354.125
		charge | train loss: 22.203455580466706 | val loss: 22.01717758178711

[Epoch 89]:
	Average train loss: 234044.51729
	Average val loss: 263788.46875
	Gradient norm: 377004310396928.0
	Elapsed time = 5.948 min
	Per-target losses:
		U | train loss: 234044.51728924658 | val loss: 263788.46875
		charge | train loss: 22.237816150275826 | val loss: 22.00309181213379

[Epoch 90]:
	Average train loss: 205142.84538
	Average val loss: 231725.859375
	Gradient norm: 124648037548032.0
	Elapsed time = 5.944 min
	Per-target losses:
		U | train loss: 205142.84537589987 | val loss: 231725.859375
		charge | train loss: 22.203485384037357 | val loss: 21.972347259521484

[Epoch 91]:
	Average train loss: 200139.84953
	Average val loss: 246198.203125
	Gradient norm: 309274387415040.0
	Elapsed time = 5.849 min
	Per-target losses:
		U | train loss: 200139.84952756873 | val loss: 246198.203125
		charge | train loss: 22.125303052482806 | val loss: 21.998172760009766

[Epoch 92]:
	Average train loss: 177071.16737
	Average val loss: 299861.1875
	Gradient norm: 166267864481792.0
	Elapsed time = 5.903 min
	Per-target losses:
		U | train loss: 177071.167373098 | val loss: 299861.1875
		charge | train loss: 22.18551022344859 | val loss: 21.994762420654297

[Epoch 93]:
	Average train loss: 173547.03518
	Average val loss: 210201.359375
	Gradient norm: 30318836842496.0
	Elapsed time = 5.962 min
	Per-target losses:
		U | train loss: 173547.03517670158 | val loss: 210201.359375
		charge | train loss: 22.24142622448387 | val loss: 21.96819305419922

[Epoch 94]:
	Average train loss: 168763.77740
	Average val loss: 227436.75
	Gradient norm: 340989365452800.0
	Elapsed time = 5.955 min
	Per-target losses:
		U | train loss: 168763.77740254826 | val loss: 227436.75
		charge | train loss: 22.160044535292382 | val loss: 22.002817153930664

[Epoch 95]:
	Average train loss: 153246.04772
	Average val loss: 212189.703125
	Gradient norm: 848823312187392.0
	Elapsed time = 5.973 min
	Per-target losses:
		U | train loss: 153246.04772054462 | val loss: 212189.703125
		charge | train loss: 22.15903480265153 | val loss: 21.972036361694336

[Epoch 96]:
	Average train loss: 139389.20573
	Average val loss: 232107.484375
	Gradient norm: 302763552538624.0
	Elapsed time = 6.030 min
	Per-target losses:
		U | train loss: 139389.20573129703 | val loss: 232107.484375
		charge | train loss: 22.142519484015658 | val loss: 21.980913162231445

[Epoch 97]:
	Average train loss: 131320.96190
	Average val loss: 188966.421875
	Gradient norm: 574848355008512.0
	Elapsed time = 5.961 min
	Per-target losses:
		U | train loss: 131320.96190383672 | val loss: 188966.421875
		charge | train loss: 22.1989451303532 | val loss: 21.978065490722656

[Epoch 98]:
	Average train loss: 133013.58591
	Average val loss: 212806.140625
	Gradient norm: 37927929249792.0
	Elapsed time = 5.940 min
	Per-target losses:
		U | train loss: 133013.58591257464 | val loss: 212806.140625
		charge | train loss: 22.18515280154363 | val loss: 22.000747680664062

[Epoch 99]:
	Average train loss: 118888.31921
	Average val loss: 251477.578125
	Gradient norm: 192546470887424.0
	Elapsed time = 6.005 min
	Per-target losses:
		U | train loss: 118888.31920555874 | val loss: 251477.578125
		charge | train loss: 22.166916992027723 | val loss: 21.981069564819336

[Epoch 100]:
	Average train loss: 109287.15245
	Average val loss: 178983.5
	Gradient norm: 2613133443072.0
	Elapsed time = 5.965 min
	Per-target losses:
		U | train loss: 109287.15245367719 | val loss: 178983.5
		charge | train loss: 22.18587540207109 | val loss: 21.98866081237793

[Epoch 101]:
	Average train loss: 99801.54046
	Average val loss: 175351.71875
	Gradient norm: 31685666144256.0
	Elapsed time = 6.018 min
	Per-target losses:
		U | train loss: 99801.54045576326 | val loss: 175351.71875
		charge | train loss: 22.163384541167016 | val loss: 21.987146377563477

[Epoch 102]:
	Average train loss: 101103.10235
	Average val loss: 166577.390625
	Gradient norm: 38801967677440.0
	Elapsed time = 5.960 min
	Per-target losses:
		U | train loss: 101103.10235435925 | val loss: 166577.390625
		charge | train loss: 22.28511864227774 | val loss: 21.997920989990234

[Epoch 103]:
	Average train loss: 89396.16429
	Average val loss: 175566.0625
	Gradient norm: 210928830251008.0
	Elapsed time = 5.980 min
	Per-target losses:
		U | train loss: 89396.16428810639 | val loss: 175566.0625
		charge | train loss: 22.11473997725242 | val loss: 22.005720138549805

[Epoch 104]:
	Average train loss: 82487.30587
	Average val loss: 162766.140625
	Gradient norm: 7018916610048.0
	Elapsed time = 5.978 min
	Per-target losses:
		U | train loss: 82487.3058736911 | val loss: 162766.140625
		charge | train loss: 22.20334467588295 | val loss: 22.000045776367188

[Epoch 105]:
	Average train loss: 85620.46577
	Average val loss: 175965.53125
	Gradient norm: 2060131663609856.0
	Elapsed time = 5.861 min
	Per-target losses:
		U | train loss: 85620.4657704618 | val loss: 175965.53125
		charge | train loss: 22.266083783504225 | val loss: 21.992515563964844

[Epoch 106]:
	Average train loss: 72414.50266
	Average val loss: 159975.171875
	Gradient norm: 47371903827968.0
	Elapsed time = 5.860 min
	Per-target losses:
		U | train loss: 72414.5026587042 | val loss: 159975.171875
		charge | train loss: 22.132867945426423 | val loss: 22.008930206298828

[Epoch 107]:
	Average train loss: 74699.13180
	Average val loss: 150106.578125
	Gradient norm: 16711565705216.0
	Elapsed time = 6.028 min
	Per-target losses:
		U | train loss: 74699.13179567347 | val loss: 150106.578125
		charge | train loss: 22.08941444926237 | val loss: 22.003009796142578

[Epoch 108]:
	Average train loss: 67095.76513
	Average val loss: 168942.203125
	Gradient norm: 32154018906112.0
	Elapsed time = 5.897 min
	Per-target losses:
		U | train loss: 67095.7651341623 | val loss: 168942.203125
		charge | train loss: 22.26288880977331 | val loss: 21.998334884643555

[Epoch 109]:
	Average train loss: 61875.96411
	Average val loss: 158922.34375
	Gradient norm: 71830366846976.0
	Elapsed time = 6.057 min
	Per-target losses:
		U | train loss: 61875.96411196724 | val loss: 158922.34375
		charge | train loss: 22.24032641705418 | val loss: 22.006593704223633

[Epoch 110]:
	Average train loss: 57511.53933
	Average val loss: 148380.640625
	Gradient norm: 19458491940864.0
	Elapsed time = 6.071 min
	Per-target losses:
		U | train loss: 57511.53933444198 | val loss: 148380.640625
		charge | train loss: 22.147848175458257 | val loss: 21.994396209716797

[Epoch 111]:
	Average train loss: 55739.93221
	Average val loss: 153213.21875
	Gradient norm: 42199441997824.0
	Elapsed time = 6.055 min
	Per-target losses:
		U | train loss: 55739.93221007342 | val loss: 153213.21875
		charge | train loss: 22.15283798672142 | val loss: 22.003707885742188

[Epoch 112]:
	Average train loss: 50765.07800
	Average val loss: 149760.09375
	Gradient norm: 8953004032000.0
	Elapsed time = 6.006 min
	Per-target losses:
		U | train loss: 50765.077998455905 | val loss: 149760.09375
		charge | train loss: 22.29113149268465 | val loss: 22.001237869262695

[Epoch 113]:
	Average train loss: 48632.80964
	Average val loss: 163685.546875
	Gradient norm: 75644700459008.0
	Elapsed time = 6.013 min
	Per-target losses:
		U | train loss: 48632.809641893 | val loss: 163685.546875
		charge | train loss: 22.17586476266072 | val loss: 22.000343322753906

[Epoch 114]:
	Average train loss: 45977.92817
	Average val loss: 159459.015625
	Gradient norm: 31291053441024.0
	Elapsed time = 6.043 min
	Per-target losses:
		U | train loss: 45977.9281702491 | val loss: 159459.015625
		charge | train loss: 22.129316185157336 | val loss: 21.993057250976562

[Epoch 115]:
	Average train loss: 41926.10001
	Average val loss: 146992.671875
	Gradient norm: 8620904808448.0
	Elapsed time = 5.986 min
	Per-target losses:
		U | train loss: 41926.1000120153 | val loss: 146992.671875
		charge | train loss: 22.195293671173577 | val loss: 22.007770538330078

[Epoch 116]:
	Average train loss: 41734.45640
	Average val loss: 135201.96875
	Gradient norm: 116424626405376.0
	Elapsed time = 6.014 min
	Per-target losses:
		U | train loss: 41734.456401085976 | val loss: 135201.96875
		charge | train loss: 22.157977071732127 | val loss: 21.999223709106445

[Epoch 117]:
	Average train loss: 37095.27576
	Average val loss: 128285.1875
	Gradient norm: 158591197642752.0
	Elapsed time = 6.018 min
	Per-target losses:
		U | train loss: 37095.27576322705 | val loss: 128285.1875
		charge | train loss: 22.272563006865415 | val loss: 22.004011154174805

[Epoch 118]:
	Average train loss: 35896.24913
	Average val loss: 138881.1875
	Gradient norm: 1979203977216.0
	Elapsed time = 5.994 min
	Per-target losses:
		U | train loss: 35896.24912569535 | val loss: 138881.1875
		charge | train loss: 22.11322346532532 | val loss: 21.998653411865234

[Epoch 119]:
	Average train loss: 33453.02099
	Average val loss: 138584.84375
	Gradient norm: 147638427058176.0
	Elapsed time = 5.802 min
	Per-target losses:
		U | train loss: 33453.020985548406 | val loss: 138584.84375
		charge | train loss: 22.23058047469374 | val loss: 21.99854850769043

[Epoch 120]:
	Average train loss: 31154.79892
	Average val loss: 134459.640625
	Gradient norm: 1040518742016.0
	Elapsed time = 5.898 min
	Per-target losses:
		U | train loss: 31154.798922074402 | val loss: 134459.640625
		charge | train loss: 22.19790722187901 | val loss: 22.002412796020508

[Epoch 121]:
	Average train loss: 29072.44943
	Average val loss: 134991.3125
	Gradient norm: 5391071576064.0
	Elapsed time = 6.037 min
	Per-target losses:
		U | train loss: 29072.449434130605 | val loss: 134991.3125
		charge | train loss: 22.194165745330732 | val loss: 22.002859115600586

[Epoch 122]:
	Average train loss: 28562.46862
	Average val loss: 131654.390625
	Gradient norm: 15482064207872.0
	Elapsed time = 5.893 min
	Per-target losses:
		U | train loss: 28562.468623136352 | val loss: 131654.390625
		charge | train loss: 22.23238220389601 | val loss: 22.00080680847168

[Epoch 123]:
	Average train loss: 24947.58179
	Average val loss: 130734.53125
	Gradient norm: 229958018400256.0
	Elapsed time = 6.002 min
	Per-target losses:
		U | train loss: 24947.581787748488 | val loss: 130734.53125
		charge | train loss: 22.185616209868986 | val loss: 22.003135681152344

[Epoch 124]:
	Average train loss: 25770.31028
	Average val loss: 132544.359375
	Gradient norm: 10627196125184.0
	Elapsed time = 5.860 min
	Per-target losses:
		U | train loss: 25770.310276850356 | val loss: 132544.359375
		charge | train loss: 22.151721425081423 | val loss: 22.00276756286621

[Epoch 125]:
	Average train loss: 23390.56867
	Average val loss: 130492.8046875
	Gradient norm: 22990901215232.0
	Elapsed time = 5.938 min
	Per-target losses:
		U | train loss: 23390.568674457012 | val loss: 130492.8046875
		charge | train loss: 22.272041885016478 | val loss: 22.002519607543945

[Epoch 126]:
	Average train loss: 22966.21479
	Average val loss: 132089.078125
	Gradient norm: 287223958208512.0
	Elapsed time = 5.964 min
	Per-target losses:
		U | train loss: 22966.214788147292 | val loss: 132089.078125
		charge | train loss: 22.130114662709662 | val loss: 22.003467559814453

[Epoch 127]:
	Average train loss: 21508.52657
	Average val loss: 129711.8828125
	Gradient norm: 3306089349120.0
	Elapsed time = 5.911 min
	Per-target losses:
		U | train loss: 21508.526571862985 | val loss: 129711.8828125
		charge | train loss: 22.10351963068178 | val loss: 22.00173568725586

[Epoch 128]:
	Average train loss: 19522.42797
	Average val loss: 131271.421875
	Gradient norm: 10673914380288.0
	Elapsed time = 5.952 min
	Per-target losses:
		U | train loss: 19522.427973242953 | val loss: 131271.421875
		charge | train loss: 22.29411485057851 | val loss: 22.000986099243164

[Epoch 129]:
	Average train loss: 20751.01500
	Average val loss: 127652.7421875
	Gradient norm: 15974053969920.0
	Elapsed time = 6.023 min
	Per-target losses:
		U | train loss: 20751.014999629315 | val loss: 127652.7421875
		charge | train loss: 22.180113318078806 | val loss: 22.00013542175293

[Epoch 130]:
	Average train loss: 18181.37786
	Average val loss: 130568.515625
	Gradient norm: 130382381056.0
	Elapsed time = 5.990 min
	Per-target losses:
		U | train loss: 18181.37786002434 | val loss: 130568.515625
		charge | train loss: 22.141978990345102 | val loss: 22.000856399536133

[Epoch 131]:
	Average train loss: 18812.89922
	Average val loss: 129799.4921875
	Gradient norm: 6817088798720.0
	Elapsed time = 6.044 min
	Per-target losses:
		U | train loss: 18812.89921977258 | val loss: 129799.4921875
		charge | train loss: 22.225121690340693 | val loss: 22.0008544921875

[Epoch 132]:
	Average train loss: 17415.41330
	Average val loss: 130633.6015625
	Gradient norm: 12453789302784.0
	Elapsed time = 6.039 min
	Per-target losses:
		U | train loss: 17415.413298122545 | val loss: 130633.6015625
		charge | train loss: 22.200986591309153 | val loss: 21.999725341796875

[Epoch 133]:
	Average train loss: 17784.65757
	Average val loss: 130728.8046875
	Gradient norm: 54880202915840.0
	Elapsed time = 6.033 min
	Per-target losses:
		U | train loss: 17784.657571842534 | val loss: 130728.8046875
		charge | train loss: 22.153276020319673 | val loss: 22.00017547607422

[Epoch 134]:
	Average train loss: 16682.06999
	Average val loss: 129753.7109375
	Gradient norm: 298879975424.0
	Elapsed time = 6.006 min
	Per-target losses:
		U | train loss: 16682.06999342354 | val loss: 129753.7109375
		charge | train loss: 22.23028993481741 | val loss: 22.000322341918945

[Epoch 135]:
	Average train loss: 16562.04483
	Average val loss: 129245.328125
	Gradient norm: 8845421182976.0
	Elapsed time = 5.928 min
	Per-target losses:
		U | train loss: 16562.044825209374 | val loss: 129245.328125
		charge | train loss: 22.146531614333547 | val loss: 22.000244140625

[Epoch 136]:
	Average train loss: 16415.09790
	Average val loss: 131046.875
	Gradient norm: 1646297743360.0
	Elapsed time = 5.948 min
	Per-target losses:
		U | train loss: 16415.097903586182 | val loss: 131046.875
		charge | train loss: 22.178189633404397 | val loss: 22.000383377075195

[Epoch 137]:
	Average train loss: 16697.03613
	Average val loss: 130572.7734375
	Gradient norm: 3924672380928.0
	Elapsed time = 6.009 min
	Per-target losses:
		U | train loss: 16697.036129377277 | val loss: 130572.7734375
		charge | train loss: 22.193879660511517 | val loss: 21.999616622924805

[Epoch 138]:
	Average train loss: 15458.21584
	Average val loss: 130322.6953125
	Gradient norm: 7715994206208.0
	Elapsed time = 6.002 min
	Per-target losses:
		U | train loss: 15458.215838686958 | val loss: 130322.6953125
		charge | train loss: 22.391185940248178 | val loss: 21.99948501586914

[Epoch 139]:
	Average train loss: 16224.98907
	Average val loss: 130269.078125
	Gradient norm: 14202438680576.0
	Elapsed time = 6.001 min
	Per-target losses:
		U | train loss: 16224.989070073472 | val loss: 130269.078125
		charge | train loss: 22.035027013399215 | val loss: 21.999958038330078

