2025-10-24 10:02:05.649 INFO: ===========VERIFYING SETTINGS===========
2025-10-24 10:02:05.649 INFO: Stage Two is activated as start_stage_two was defined
2025-10-24 10:02:05.649 WARNING: start_stage_two must be less than max_num_epochs, got 1200 > 200
2025-10-24 10:02:05.649 WARNING: Stage Two will not start, as start_stage_two > max_num_epochs
2025-10-24 10:02:05.649 INFO: MACE version: 0.3.14
2025-10-24 10:02:05.698 INFO: CUDA version: 12.1, CUDA device: 0
2025-10-24 10:02:05.807 INFO: ===========LOADING INPUT DATA===========
2025-10-24 10:02:05.807 INFO: Using heads: ['Default']
2025-10-24 10:02:05.807 INFO: Using the key specifications to parse data:
2025-10-24 10:02:05.807 INFO: Default: KeySpecification(info_keys={'energy': 'energy', 'stress': 'REF_stress', 'virials': 'REF_virials', 'dipole': 'dipole', 'head': 'head', 'elec_temp': 'elec_temp', 'total_charge': 'total_charge', 'polarizability': 'polarizability', 'total_spin': 'total_spin'}, arrays_keys={'forces': 'forces', 'charges': 'REF_charges'})
2025-10-24 10:02:05.807 INFO: =============    Processing head Default     ===========
2025-10-24 10:02:14.700 WARNING: Since ASE version 3.23.0b1, using energy_key 'energy' is no longer safe when communicating between MACE and ASE. We recommend using a different key, rewriting 'energy' to 'REF_energy'. You need to use --energy_key='REF_energy' to specify the chosen key name.
2025-10-24 10:02:16.285 WARNING: Since ASE version 3.23.0b1, using forces_key 'forces' is no longer safe when communicating between MACE and ASE. We recommend using a different key, rewriting 'forces' to 'REF_forces'. You need to use --forces_key='REF_forces' to specify the chosen key name.
2025-10-24 10:02:18.896 INFO: Training set 1/1 [energy: 13147, stress: 0, virials: 0, dipole components: 0, head: 13147, elec_temp: 0, total_charge: 13147, polarizability: 0, total_spin: 0, forces: 13147, charges: 0]
2025-10-24 10:02:18.952 INFO: Total Training set [energy: 13147, stress: 0, virials: 0, dipole components: 0, head: 13147, elec_temp: 0, total_charge: 13147, polarizability: 0, total_spin: 0, forces: 13147, charges: 0]
2025-10-24 10:02:19.925 WARNING: Since ASE version 3.23.0b1, using energy_key 'energy' is no longer safe when communicating between MACE and ASE. We recommend using a different key, rewriting 'energy' to 'REF_energy'. You need to use --energy_key='REF_energy' to specify the chosen key name.
2025-10-24 10:02:20.109 WARNING: Since ASE version 3.23.0b1, using forces_key 'forces' is no longer safe when communicating between MACE and ASE. We recommend using a different key, rewriting 'forces' to 'REF_forces'. You need to use --forces_key='REF_forces' to specify the chosen key name.
2025-10-24 10:02:20.377 INFO: Validation set 1/1 [energy: 1461, stress: 0, virials: 0, dipole components: 0, head: 1461, elec_temp: 0, total_charge: 1461, polarizability: 0, total_spin: 0, forces: 1461, charges: 0]
2025-10-24 10:02:20.384 INFO: Total Validation set [energy: 1461, stress: 0, virials: 0, dipole components: 0, head: 1461, elec_temp: 0, total_charge: 1461, polarizability: 0, total_spin: 0, forces: 1461, charges: 0]
2025-10-24 10:02:24.539 WARNING: Since ASE version 3.23.0b1, using energy_key 'energy' is no longer safe when communicating between MACE and ASE. We recommend using a different key, rewriting 'energy' to 'REF_energy'. You need to use --energy_key='REF_energy' to specify the chosen key name.
2025-10-24 10:02:25.312 WARNING: Since ASE version 3.23.0b1, using forces_key 'forces' is no longer safe when communicating between MACE and ASE. We recommend using a different key, rewriting 'forces' to 'REF_forces'. You need to use --forces_key='REF_forces' to specify the chosen key name.
2025-10-24 10:02:26.494 INFO: Test set 1/1 [energy: 6261, stress: 0, virials: 0, dipole components: 0, head: 6261, elec_temp: 0, total_charge: 6261, polarizability: 0, total_spin: 0, forces: 6261, charges: 0]
2025-10-24 10:02:26.520 INFO: Total Test set [energy: 6261, stress: 0, virials: 0, dipole components: 0, head: 6261, elec_temp: 0, total_charge: 6261, polarizability: 0, total_spin: 0, forces: 6261, charges: 0]
2025-10-24 10:02:26.520 INFO: Total number of configurations: train=13147, valid=1461, tests=[Default_Default: 6261],
2025-10-24 10:02:26.801 INFO: Atomic Numbers used: [1, 3, 5, 6, 7, 8, 9, 11, 12, 13, 14, 15, 16, 17, 20, 21, 22, 23, 24, 25, 26, 27, 28, 29, 30, 31, 35, 38, 39, 40, 41, 42, 44, 46, 47, 48, 53, 56, 57, 58, 59, 60, 62, 63, 64, 65, 66, 67, 68, 69, 71, 72, 74, 75, 78, 79, 83, 92, 93]
2025-10-24 10:02:26.801 INFO: Isolated Atomic Energies (E0s) not in training file, using command line argument
2025-10-24 10:02:26.802 INFO: Computing average Atomic Energies using least squares regression
2025-10-24 10:02:28.189 INFO: Atomic Energies used (z: eV) for head Default: {1: -4.03826536632618, 3: -4.489613579470513, 5: -6.610282432214834, 6: -8.886578941557087, 7: -7.934457534124016, 8: -6.905319337583877, 9: -4.401431793856776, 11: -3.419753807981394, 12: -5.593546419317629, 13: -10.87829743951005, 14: -6.901375822943127, 15: -6.901500979403075, 16: -4.139346946791022, 17: -2.572317871789277, 20: -7.605344899508019, 21: -13.805111784244094, 22: -12.616210207384373, 23: -11.750381866148174, 24: -12.12482310943366, 25: -10.666733588658662, 26: -8.726033795416624, 27: -6.999720300748241, 28: -4.45189703875329, 29: -3.537682905959627, 30: -2.7342920457390267, 31: -6.83997873429877, 35: -1.7825403616586155, 38: -7.148723458935766, 39: -14.862132845752669, 40: -11.960381993115005, 41: -6.354062503559565, 42: -12.278948256779735, 44: -8.982429861747992, 46: -3.776873150220254, 47: -2.671011763292298, 48: -1.5320925651985933, 53: -2.570669894743313, 56: -7.592891207252345, 57: -12.015893518172103, 58: -13.392225915958809, 59: -12.977616109735264, 60: -14.216549176541815, 62: -18.076944689901968, 63: -15.456036215637695, 64: -21.01293241960359, 65: -19.249850014008736, 66: -16.895164839957822, 67: -15.499730914924555, 68: -14.01605163339284, 69: -13.29888328806068, 71: -12.460448877790576, 72: -16.813488870764168, 74: -15.582562897324163, 75: -14.166513579353795, 78: -7.6876695559411194, 79: -3.519809939286464, 83: -6.235119175869375, 92: -18.200852739205153, 93: -18.550731855694618}
2025-10-24 10:02:28.189 INFO: Processing datasets for head 'Default'
2025-10-24 10:03:04.036 INFO: Combining 1 list datasets for head 'Default'
2025-10-24 10:03:08.159 INFO: Combining 1 list datasets for head 'Default_valid'
2025-10-24 10:03:08.159 INFO: Combined validation datasets for Default
2025-10-24 10:03:08.159 INFO: Head 'Default' training dataset size: 13147
2025-10-24 10:03:08.159 INFO: Computing average number of neighbors
2025-10-24 10:03:14.439 INFO: Average number of neighbors: 36.27913672654261
2025-10-24 10:03:14.439 INFO: During training the following quantities will be reported: energy, forces
2025-10-24 10:03:14.439 INFO: ===========MODEL DETAILS===========
2025-10-24 10:03:22.043 INFO: Building model
2025-10-24 10:03:22.043 INFO: Message passing with 64 channels and max_L=1 (64x0e + 64x1o)
2025-10-24 10:03:22.043 INFO: 2 layers, each with correlation order: 3 (body order: 4) and spherical harmonics up to: l=3
2025-10-24 10:03:22.043 INFO: 8 radial and 5 basis functions
2025-10-24 10:03:22.043 INFO: Radial cutoff: 5.0 A (total receptive field for each atom: 10.0 A)
2025-10-24 10:03:22.043 INFO: Distance transform for radial basis functions: None
2025-10-24 10:03:22.043 INFO: Hidden irreps: 64x0e + 64x1o
2025-10-24 10:03:23.294 INFO: Total number of parameters: 1800336
2025-10-24 10:03:23.294 INFO: 
2025-10-24 10:03:23.294 INFO: ===========OPTIMIZER INFORMATION===========
2025-10-24 10:03:23.294 INFO: Using ADAM as parameter optimizer
2025-10-24 10:03:23.295 INFO: Batch size: 10
2025-10-24 10:03:23.295 INFO: Using Exponential Moving Average with decay: 0.99
2025-10-24 10:03:23.295 INFO: Number of gradient updates: 262940
2025-10-24 10:03:23.295 INFO: Learning rate: 0.01, weight decay: 5e-07
2025-10-24 10:03:23.295 INFO: WeightedEnergyForcesLoss(energy_weight=1.000, forces_weight=100.000)
2025-10-24 10:03:23.296 INFO: Using gradient clipping with tolerance=10.000
2025-10-24 10:03:23.296 INFO: 
2025-10-24 10:03:23.296 INFO: ===========TRAINING===========
2025-10-24 10:03:23.296 INFO: Started training, reporting errors on validation set
2025-10-24 10:03:23.296 INFO: Loss metrics on validation set
2025-10-24 10:05:59.232 INFO: Initial: head: Default, loss=0.00540400, RMSE_E_per_atom=   78.77 meV, RMSE_F=   21.69 meV / A
2025-10-24 10:59:23.701 INFO: Epoch 0: head: Default, loss=0.00540396, RMSE_E_per_atom=   78.77 meV, RMSE_F=   21.69 meV / A
2025-10-24 11:25:08.572 INFO: ===========VERIFYING SETTINGS===========
2025-10-24 11:25:08.572 WARNING: All of hidden_irreps, num_channels and max_L are specified
2025-10-24 11:25:08.573 WARNING: Using num_channels and max_L to create hidden_irreps: 64x0e+64x1o.
2025-10-24 11:25:08.573 INFO: Stage Two is activated as start_stage_two was defined
2025-10-24 11:25:08.573 INFO: MACE version: 0.3.14
2025-10-24 11:25:08.623 INFO: CUDA version: 12.1, CUDA device: 0
2025-10-24 11:25:08.734 INFO: ===========LOADING INPUT DATA===========
2025-10-24 11:25:08.734 INFO: Using heads: ['Default']
2025-10-24 11:25:08.734 INFO: Using the key specifications to parse data:
2025-10-24 11:25:08.734 INFO: Default: KeySpecification(info_keys={'energy': 'energy', 'stress': 'REF_stress', 'virials': 'REF_virials', 'dipole': 'dipole', 'head': 'head', 'elec_temp': 'elec_temp', 'total_charge': 'total_charge', 'polarizability': 'polarizability', 'total_spin': 'total_spin'}, arrays_keys={'forces': 'force', 'charges': 'REF_charges'})
2025-10-24 11:25:08.734 INFO: =============    Processing head Default     ===========
2025-10-24 11:25:17.756 WARNING: Since ASE version 3.23.0b1, using energy_key 'energy' is no longer safe when communicating between MACE and ASE. We recommend using a different key, rewriting 'energy' to 'REF_energy'. You need to use --energy_key='REF_energy' to specify the chosen key name.
2025-10-24 11:25:19.368 WARNING: No forces found with key 'force' in './odac25_xyz/odac25_training.extxyz'. If this is unexpected, Please change the key name in the command line arguments or ensure that the file contains the required data.
2025-10-24 11:25:20.298 INFO: Training set 1/1 [energy: 13147, stress: 0, virials: 0, dipole components: 0, head: 13147, elec_temp: 0, total_charge: 13147, polarizability: 0, total_spin: 0, forces: 0, charges: 0]
2025-10-24 11:25:20.358 INFO: Total Training set [energy: 13147, stress: 0, virials: 0, dipole components: 0, head: 13147, elec_temp: 0, total_charge: 13147, polarizability: 0, total_spin: 0, forces: 0, charges: 0]
2025-10-24 11:25:21.345 WARNING: Since ASE version 3.23.0b1, using energy_key 'energy' is no longer safe when communicating between MACE and ASE. We recommend using a different key, rewriting 'energy' to 'REF_energy'. You need to use --energy_key='REF_energy' to specify the chosen key name.
2025-10-24 11:25:21.532 WARNING: No forces found with key 'force' in './odac25_xyz/odac25_validation.extxyz'. If this is unexpected, Please change the key name in the command line arguments or ensure that the file contains the required data.
2025-10-24 11:25:21.611 INFO: Validation set 1/1 [energy: 1461, stress: 0, virials: 0, dipole components: 0, head: 1461, elec_temp: 0, total_charge: 1461, polarizability: 0, total_spin: 0, forces: 0, charges: 0]
2025-10-24 11:25:21.618 INFO: Total Validation set [energy: 1461, stress: 0, virials: 0, dipole components: 0, head: 1461, elec_temp: 0, total_charge: 1461, polarizability: 0, total_spin: 0, forces: 0, charges: 0]
2025-10-24 11:25:25.823 WARNING: Since ASE version 3.23.0b1, using energy_key 'energy' is no longer safe when communicating between MACE and ASE. We recommend using a different key, rewriting 'energy' to 'REF_energy'. You need to use --energy_key='REF_energy' to specify the chosen key name.
2025-10-24 11:25:26.610 WARNING: No forces found with key 'force' in './odac25_xyz/odac25_testing.extxyz'. If this is unexpected, Please change the key name in the command line arguments or ensure that the file contains the required data.
2025-10-24 11:25:26.971 INFO: Test set 1/1 [energy: 6261, stress: 0, virials: 0, dipole components: 0, head: 6261, elec_temp: 0, total_charge: 6261, polarizability: 0, total_spin: 0, forces: 0, charges: 0]
2025-10-24 11:25:27.000 INFO: Total Test set [energy: 6261, stress: 0, virials: 0, dipole components: 0, head: 6261, elec_temp: 0, total_charge: 6261, polarizability: 0, total_spin: 0, forces: 0, charges: 0]
2025-10-24 11:25:27.000 INFO: Total number of configurations: train=13147, valid=1461, tests=[Default_Default: 6261],
2025-10-24 11:25:27.280 INFO: Atomic Numbers used: [1, 3, 5, 6, 7, 8, 9, 11, 12, 13, 14, 15, 16, 17, 20, 21, 22, 23, 24, 25, 26, 27, 28, 29, 30, 31, 35, 38, 39, 40, 41, 42, 44, 46, 47, 48, 53, 56, 57, 58, 59, 60, 62, 63, 64, 65, 66, 67, 68, 69, 71, 72, 74, 75, 78, 79, 83, 92, 93]
2025-10-24 11:25:27.280 INFO: Isolated Atomic Energies (E0s) not in training file, using command line argument
2025-10-24 11:25:27.280 INFO: Computing average Atomic Energies using least squares regression
2025-10-24 11:25:28.676 INFO: Atomic Energies used (z: eV) for head Default: {1: -4.03826536632618, 3: -4.489613579470513, 5: -6.610282432214834, 6: -8.886578941557087, 7: -7.934457534124016, 8: -6.905319337583877, 9: -4.401431793856776, 11: -3.419753807981394, 12: -5.593546419317629, 13: -10.87829743951005, 14: -6.901375822943127, 15: -6.901500979403075, 16: -4.139346946791022, 17: -2.572317871789277, 20: -7.605344899508019, 21: -13.805111784244094, 22: -12.616210207384373, 23: -11.750381866148174, 24: -12.12482310943366, 25: -10.666733588658662, 26: -8.726033795416624, 27: -6.999720300748241, 28: -4.45189703875329, 29: -3.537682905959627, 30: -2.7342920457390267, 31: -6.83997873429877, 35: -1.7825403616586155, 38: -7.148723458935766, 39: -14.862132845752669, 40: -11.960381993115005, 41: -6.354062503559565, 42: -12.278948256779735, 44: -8.982429861747992, 46: -3.776873150220254, 47: -2.671011763292298, 48: -1.5320925651985933, 53: -2.570669894743313, 56: -7.592891207252345, 57: -12.015893518172103, 58: -13.392225915958809, 59: -12.977616109735264, 60: -14.216549176541815, 62: -18.076944689901968, 63: -15.456036215637695, 64: -21.01293241960359, 65: -19.249850014008736, 66: -16.895164839957822, 67: -15.499730914924555, 68: -14.01605163339284, 69: -13.29888328806068, 71: -12.460448877790576, 72: -16.813488870764168, 74: -15.582562897324163, 75: -14.166513579353795, 78: -7.6876695559411194, 79: -3.519809939286464, 83: -6.235119175869375, 92: -18.200852739205153, 93: -18.550731855694618}
2025-10-24 11:25:28.677 INFO: Processing datasets for head 'Default'
2025-10-24 11:26:03.488 INFO: Combining 1 list datasets for head 'Default'
2025-10-24 11:26:07.460 INFO: Combining 1 list datasets for head 'Default_valid'
2025-10-24 11:26:07.460 INFO: Combined validation datasets for Default
2025-10-24 11:26:07.460 INFO: Head 'Default' training dataset size: 13147
2025-10-24 11:26:07.460 INFO: Computing average number of neighbors
2025-10-24 11:26:13.159 INFO: Average number of neighbors: 36.279136657714844
2025-10-24 11:26:13.160 INFO: During training the following quantities will be reported: energy, forces
2025-10-24 11:26:13.160 INFO: ===========MODEL DETAILS===========
2025-10-24 11:26:18.920 WARNING: Standard deviation of the scaling is zero, Changing to no scaling
2025-10-24 11:26:18.931 INFO: Building model
2025-10-24 11:26:18.931 INFO: Message passing with 64 channels and max_L=1 (64x0e+64x1o)
2025-10-24 11:26:18.931 INFO: 2 layers, each with correlation order: 3 (body order: 4) and spherical harmonics up to: l=3
2025-10-24 11:26:18.931 INFO: 8 radial and 5 basis functions
2025-10-24 11:26:18.931 INFO: Radial cutoff: 5.0 A (total receptive field for each atom: 10.0 A)
2025-10-24 11:26:18.931 INFO: Distance transform for radial basis functions: None
2025-10-24 11:26:18.931 INFO: Hidden irreps: 64x0e+64x1o
2025-10-24 11:26:20.106 INFO: Total number of parameters: 1076448
2025-10-24 11:26:20.106 INFO: 
2025-10-24 11:26:20.106 INFO: ===========OPTIMIZER INFORMATION===========
2025-10-24 11:26:20.106 INFO: Using ADAM as parameter optimizer
2025-10-24 11:26:20.106 INFO: Batch size: 10
2025-10-24 11:26:20.106 INFO: Using Exponential Moving Average with decay: 0.99
2025-10-24 11:26:20.107 INFO: Number of gradient updates: 262940
2025-10-24 11:26:20.107 INFO: Learning rate: 0.01, weight decay: 5e-07
2025-10-24 11:26:20.107 INFO: WeightedEnergyForcesLoss(energy_weight=10.000, forces_weight=1000.000)
2025-10-24 11:26:20.107 INFO: Stage Two (after 100 epochs) with loss function: WeightedEnergyForcesLoss(energy_weight=1000.000, forces_weight=100.000), with energy weight : 1000.0, forces weight : 100.0 and learning rate : 0.001
2025-10-24 11:26:20.186 INFO: Using gradient clipping with tolerance=10.000
2025-10-24 11:26:20.186 INFO: 
2025-10-24 11:26:20.186 INFO: ===========TRAINING===========
2025-10-24 11:26:20.186 INFO: Started training, reporting errors on validation set
2025-10-24 11:26:20.186 INFO: Loss metrics on validation set
2025-10-24 11:26:46.930 INFO: Initial: head: Default, loss=0.00640377, RMSE_E_per_atom=   80.01 meV, RMSE_F=None meV / A
2025-10-24 11:30:22.205 INFO: ===========VERIFYING SETTINGS===========
2025-10-24 11:30:22.205 WARNING: All of hidden_irreps, num_channels and max_L are specified
2025-10-24 11:30:22.205 WARNING: Using num_channels and max_L to create hidden_irreps: 64x0e+64x1o.
2025-10-24 11:30:22.205 INFO: Stage Two is activated as start_stage_two was defined
2025-10-24 11:30:22.205 INFO: MACE version: 0.3.14
2025-10-24 11:30:22.255 INFO: CUDA version: 12.1, CUDA device: 0
2025-10-24 11:30:22.364 INFO: ===========LOADING INPUT DATA===========
2025-10-24 11:30:22.364 INFO: Using heads: ['Default']
2025-10-24 11:30:22.364 INFO: Using the key specifications to parse data:
2025-10-24 11:30:22.364 INFO: Default: KeySpecification(info_keys={'energy': 'energy', 'stress': 'REF_stress', 'virials': 'REF_virials', 'dipole': 'dipole', 'head': 'head', 'elec_temp': 'elec_temp', 'total_charge': 'total_charge', 'polarizability': 'polarizability', 'total_spin': 'total_spin'}, arrays_keys={'forces': 'forces', 'charges': 'REF_charges'})
2025-10-24 11:30:22.364 INFO: =============    Processing head Default     ===========
2025-10-24 11:30:31.565 WARNING: Since ASE version 3.23.0b1, using energy_key 'energy' is no longer safe when communicating between MACE and ASE. We recommend using a different key, rewriting 'energy' to 'REF_energy'. You need to use --energy_key='REF_energy' to specify the chosen key name.
2025-10-24 11:30:33.207 WARNING: Since ASE version 3.23.0b1, using forces_key 'forces' is no longer safe when communicating between MACE and ASE. We recommend using a different key, rewriting 'forces' to 'REF_forces'. You need to use --forces_key='REF_forces' to specify the chosen key name.
2025-10-24 11:30:35.899 INFO: Training set 1/1 [energy: 13147, stress: 0, virials: 0, dipole components: 0, head: 13147, elec_temp: 0, total_charge: 13147, polarizability: 0, total_spin: 0, forces: 13147, charges: 0]
2025-10-24 11:30:35.956 INFO: Total Training set [energy: 13147, stress: 0, virials: 0, dipole components: 0, head: 13147, elec_temp: 0, total_charge: 13147, polarizability: 0, total_spin: 0, forces: 13147, charges: 0]
2025-10-24 11:30:36.972 WARNING: Since ASE version 3.23.0b1, using energy_key 'energy' is no longer safe when communicating between MACE and ASE. We recommend using a different key, rewriting 'energy' to 'REF_energy'. You need to use --energy_key='REF_energy' to specify the chosen key name.
2025-10-24 11:30:37.161 WARNING: Since ASE version 3.23.0b1, using forces_key 'forces' is no longer safe when communicating between MACE and ASE. We recommend using a different key, rewriting 'forces' to 'REF_forces'. You need to use --forces_key='REF_forces' to specify the chosen key name.
2025-10-24 11:30:37.435 INFO: Validation set 1/1 [energy: 1461, stress: 0, virials: 0, dipole components: 0, head: 1461, elec_temp: 0, total_charge: 1461, polarizability: 0, total_spin: 0, forces: 1461, charges: 0]
2025-10-24 11:30:37.442 INFO: Total Validation set [energy: 1461, stress: 0, virials: 0, dipole components: 0, head: 1461, elec_temp: 0, total_charge: 1461, polarizability: 0, total_spin: 0, forces: 1461, charges: 0]
2025-10-24 11:30:41.693 WARNING: Since ASE version 3.23.0b1, using energy_key 'energy' is no longer safe when communicating between MACE and ASE. We recommend using a different key, rewriting 'energy' to 'REF_energy'. You need to use --energy_key='REF_energy' to specify the chosen key name.
2025-10-24 11:30:42.494 WARNING: Since ASE version 3.23.0b1, using forces_key 'forces' is no longer safe when communicating between MACE and ASE. We recommend using a different key, rewriting 'forces' to 'REF_forces'. You need to use --forces_key='REF_forces' to specify the chosen key name.
2025-10-24 11:30:43.728 INFO: Test set 1/1 [energy: 6261, stress: 0, virials: 0, dipole components: 0, head: 6261, elec_temp: 0, total_charge: 6261, polarizability: 0, total_spin: 0, forces: 6261, charges: 0]
2025-10-24 11:30:43.756 INFO: Total Test set [energy: 6261, stress: 0, virials: 0, dipole components: 0, head: 6261, elec_temp: 0, total_charge: 6261, polarizability: 0, total_spin: 0, forces: 6261, charges: 0]
2025-10-24 11:30:43.756 INFO: Total number of configurations: train=13147, valid=1461, tests=[Default_Default: 6261],
2025-10-24 11:30:44.060 INFO: Atomic Numbers used: [1, 3, 5, 6, 7, 8, 9, 11, 12, 13, 14, 15, 16, 17, 20, 21, 22, 23, 24, 25, 26, 27, 28, 29, 30, 31, 35, 38, 39, 40, 41, 42, 44, 46, 47, 48, 53, 56, 57, 58, 59, 60, 62, 63, 64, 65, 66, 67, 68, 69, 71, 72, 74, 75, 78, 79, 83, 92, 93]
2025-10-24 11:30:44.061 INFO: Isolated Atomic Energies (E0s) not in training file, using command line argument
2025-10-24 11:30:44.061 INFO: Computing average Atomic Energies using least squares regression
2025-10-24 11:30:45.482 INFO: Atomic Energies used (z: eV) for head Default: {1: -4.03826536632618, 3: -4.489613579470513, 5: -6.610282432214834, 6: -8.886578941557087, 7: -7.934457534124016, 8: -6.905319337583877, 9: -4.401431793856776, 11: -3.419753807981394, 12: -5.593546419317629, 13: -10.87829743951005, 14: -6.901375822943127, 15: -6.901500979403075, 16: -4.139346946791022, 17: -2.572317871789277, 20: -7.605344899508019, 21: -13.805111784244094, 22: -12.616210207384373, 23: -11.750381866148174, 24: -12.12482310943366, 25: -10.666733588658662, 26: -8.726033795416624, 27: -6.999720300748241, 28: -4.45189703875329, 29: -3.537682905959627, 30: -2.7342920457390267, 31: -6.83997873429877, 35: -1.7825403616586155, 38: -7.148723458935766, 39: -14.862132845752669, 40: -11.960381993115005, 41: -6.354062503559565, 42: -12.278948256779735, 44: -8.982429861747992, 46: -3.776873150220254, 47: -2.671011763292298, 48: -1.5320925651985933, 53: -2.570669894743313, 56: -7.592891207252345, 57: -12.015893518172103, 58: -13.392225915958809, 59: -12.977616109735264, 60: -14.216549176541815, 62: -18.076944689901968, 63: -15.456036215637695, 64: -21.01293241960359, 65: -19.249850014008736, 66: -16.895164839957822, 67: -15.499730914924555, 68: -14.01605163339284, 69: -13.29888328806068, 71: -12.460448877790576, 72: -16.813488870764168, 74: -15.582562897324163, 75: -14.166513579353795, 78: -7.6876695559411194, 79: -3.519809939286464, 83: -6.235119175869375, 92: -18.200852739205153, 93: -18.550731855694618}
2025-10-24 11:30:45.482 INFO: Processing datasets for head 'Default'
2025-10-24 11:31:20.159 INFO: Combining 1 list datasets for head 'Default'
2025-10-24 11:31:24.166 INFO: Combining 1 list datasets for head 'Default_valid'
2025-10-24 11:31:24.166 INFO: Combined validation datasets for Default
2025-10-24 11:31:24.166 INFO: Head 'Default' training dataset size: 13147
2025-10-24 11:31:24.167 INFO: Computing average number of neighbors
2025-10-24 11:31:30.016 INFO: Average number of neighbors: 36.279136657714844
2025-10-24 11:31:30.017 INFO: During training the following quantities will be reported: energy, forces
2025-10-24 11:31:30.017 INFO: ===========MODEL DETAILS===========
2025-10-24 11:31:35.895 INFO: Building model
2025-10-24 11:31:35.896 INFO: Message passing with 64 channels and max_L=1 (64x0e+64x1o)
2025-10-24 11:31:35.896 INFO: 2 layers, each with correlation order: 3 (body order: 4) and spherical harmonics up to: l=3
2025-10-24 11:31:35.896 INFO: 8 radial and 5 basis functions
2025-10-24 11:31:35.896 INFO: Radial cutoff: 5.0 A (total receptive field for each atom: 10.0 A)
2025-10-24 11:31:35.896 INFO: Distance transform for radial basis functions: None
2025-10-24 11:31:35.896 INFO: Hidden irreps: 64x0e+64x1o
2025-10-24 11:31:37.097 INFO: Total number of parameters: 1076448
2025-10-24 11:31:37.097 INFO: 
2025-10-24 11:31:37.097 INFO: ===========OPTIMIZER INFORMATION===========
2025-10-24 11:31:37.097 INFO: Using ADAM as parameter optimizer
2025-10-24 11:31:37.097 INFO: Batch size: 10
2025-10-24 11:31:37.097 INFO: Using Exponential Moving Average with decay: 0.99
2025-10-24 11:31:37.097 INFO: Number of gradient updates: 262940
2025-10-24 11:31:37.097 INFO: Learning rate: 0.01, weight decay: 5e-07
2025-10-24 11:31:37.097 INFO: WeightedEnergyForcesLoss(energy_weight=10.000, forces_weight=1000.000)
2025-10-24 11:31:37.098 INFO: Stage Two (after 100 epochs) with loss function: WeightedEnergyForcesLoss(energy_weight=1000.000, forces_weight=100.000), with energy weight : 1000.0, forces weight : 100.0 and learning rate : 0.001
2025-10-24 11:31:37.176 INFO: Using gradient clipping with tolerance=10.000
2025-10-24 11:31:37.176 INFO: 
2025-10-24 11:31:37.176 INFO: ===========TRAINING===========
2025-10-24 11:31:37.176 INFO: Started training, reporting errors on validation set
2025-10-24 11:31:37.176 INFO: Loss metrics on validation set
2025-10-24 11:32:03.560 INFO: Initial: head: Default, loss=0.05910136, RMSE_E_per_atom=   78.78 meV, RMSE_F=   22.84 meV / A
2025-10-24 11:40:02.876 INFO: Epoch 0: head: Default, loss=0.05300655, RMSE_E_per_atom=   71.94 meV, RMSE_F=   21.69 meV / A
2025-10-24 11:47:48.532 INFO: Epoch 1: head: Default, loss=0.05299687, RMSE_E_per_atom=   71.90 meV, RMSE_F=   21.68 meV / A
2025-10-24 11:55:32.225 INFO: Epoch 2: head: Default, loss=0.05298508, RMSE_E_per_atom=   71.74 meV, RMSE_F=   21.69 meV / A
2025-10-24 12:03:16.759 INFO: Epoch 3: head: Default, loss=0.05300758, RMSE_E_per_atom=   71.83 meV, RMSE_F=   21.69 meV / A
2025-10-24 12:10:59.689 INFO: Epoch 4: head: Default, loss=0.05298552, RMSE_E_per_atom=   71.69 meV, RMSE_F=   21.69 meV / A
2025-10-24 12:18:42.427 INFO: Epoch 5: head: Default, loss=0.05297534, RMSE_E_per_atom=   71.50 meV, RMSE_F=   21.69 meV / A
2025-10-24 12:26:24.844 INFO: Epoch 6: head: Default, loss=0.05295871, RMSE_E_per_atom=   71.31 meV, RMSE_F=   21.69 meV / A
2025-10-24 12:34:08.233 INFO: Epoch 7: head: Default, loss=0.05291899, RMSE_E_per_atom=   71.12 meV, RMSE_F=   21.69 meV / A
2025-10-24 12:41:49.155 INFO: Epoch 8: head: Default, loss=0.05296025, RMSE_E_per_atom=   71.18 meV, RMSE_F=   21.70 meV / A
2025-10-24 12:49:29.103 INFO: Epoch 9: head: Default, loss=0.05295739, RMSE_E_per_atom=   71.35 meV, RMSE_F=   21.69 meV / A
2025-10-24 12:57:10.293 INFO: Epoch 10: head: Default, loss=0.05295679, RMSE_E_per_atom=   71.17 meV, RMSE_F=   21.70 meV / A
2025-10-24 13:04:50.905 INFO: Epoch 11: head: Default, loss=0.05343051, RMSE_E_per_atom=   71.14 meV, RMSE_F=   21.80 meV / A
2025-10-24 13:12:31.127 INFO: Epoch 12: head: Default, loss=0.05329933, RMSE_E_per_atom=   71.43 meV, RMSE_F=   21.77 meV / A
2025-10-24 13:20:10.394 INFO: Epoch 13: head: Default, loss=0.05363037, RMSE_E_per_atom=   71.30 meV, RMSE_F=   21.85 meV / A
2025-10-24 13:27:52.396 INFO: Epoch 14: head: Default, loss=0.05323369, RMSE_E_per_atom=   71.25 meV, RMSE_F=   21.76 meV / A
2025-10-24 13:35:32.945 INFO: Epoch 15: head: Default, loss=0.05304714, RMSE_E_per_atom=   71.47 meV, RMSE_F=   21.71 meV / A
2025-10-24 13:43:15.400 INFO: Epoch 16: head: Default, loss=0.05332031, RMSE_E_per_atom=   71.14 meV, RMSE_F=   21.78 meV / A
2025-10-24 13:50:55.708 INFO: Epoch 17: head: Default, loss=0.05328703, RMSE_E_per_atom=   71.39 meV, RMSE_F=   21.77 meV / A
2025-10-24 13:58:35.380 INFO: Epoch 18: head: Default, loss=0.05330144, RMSE_E_per_atom=   71.29 meV, RMSE_F=   21.77 meV / A
2025-10-24 14:06:18.239 INFO: Epoch 19: head: Default, loss=0.05354980, RMSE_E_per_atom=   71.27 meV, RMSE_F=   21.83 meV / A
2025-10-24 14:14:00.322 INFO: Epoch 20: head: Default, loss=0.05410919, RMSE_E_per_atom=   71.20 meV, RMSE_F=   21.95 meV / A
2025-10-24 14:21:42.543 INFO: Epoch 21: head: Default, loss=0.05338981, RMSE_E_per_atom=   71.49 meV, RMSE_F=   21.79 meV / A
2025-10-24 14:29:25.616 INFO: Epoch 22: head: Default, loss=0.05323453, RMSE_E_per_atom=   71.62 meV, RMSE_F=   21.75 meV / A
2025-10-24 14:37:08.242 INFO: Epoch 23: head: Default, loss=0.05331868, RMSE_E_per_atom=   71.59 meV, RMSE_F=   21.76 meV / A
2025-10-24 14:44:50.413 INFO: Epoch 24: head: Default, loss=0.05344801, RMSE_E_per_atom=   71.59 meV, RMSE_F=   21.80 meV / A
2025-10-24 14:52:33.376 INFO: Epoch 25: head: Default, loss=0.05348425, RMSE_E_per_atom=   71.52 meV, RMSE_F=   21.81 meV / A
2025-10-24 15:00:13.430 INFO: Epoch 26: head: Default, loss=0.05345542, RMSE_E_per_atom=   71.57 meV, RMSE_F=   21.80 meV / A
2025-10-24 15:07:54.966 INFO: Epoch 27: head: Default, loss=0.05338309, RMSE_E_per_atom=   71.53 meV, RMSE_F=   21.78 meV / A
2025-10-24 15:15:35.405 INFO: Epoch 28: head: Default, loss=0.05336253, RMSE_E_per_atom=   71.62 meV, RMSE_F=   21.78 meV / A
2025-10-24 15:23:16.564 INFO: Epoch 29: head: Default, loss=0.05334597, RMSE_E_per_atom=   71.39 meV, RMSE_F=   21.78 meV / A
2025-10-24 15:30:59.856 INFO: Epoch 30: head: Default, loss=0.05332699, RMSE_E_per_atom=   71.45 meV, RMSE_F=   21.77 meV / A
2025-10-24 15:38:40.844 INFO: Epoch 31: head: Default, loss=0.05404936, RMSE_E_per_atom=   71.49 meV, RMSE_F=   21.94 meV / A
2025-10-24 15:46:20.736 INFO: Epoch 32: head: Default, loss=0.05385123, RMSE_E_per_atom=   71.49 meV, RMSE_F=   21.89 meV / A
2025-10-24 15:54:03.572 INFO: Epoch 33: head: Default, loss=0.05335197, RMSE_E_per_atom=   71.42 meV, RMSE_F=   21.78 meV / A
2025-10-24 16:01:45.847 INFO: Epoch 34: head: Default, loss=0.05410647, RMSE_E_per_atom=   71.51 meV, RMSE_F=   21.95 meV / A
2025-10-24 16:09:30.062 INFO: Epoch 35: head: Default, loss=0.05377820, RMSE_E_per_atom=   71.50 meV, RMSE_F=   21.87 meV / A
2025-10-24 16:17:10.009 INFO: Epoch 36: head: Default, loss=0.05420052, RMSE_E_per_atom=   71.72 meV, RMSE_F=   21.96 meV / A
2025-10-24 16:24:50.696 INFO: Epoch 37: head: Default, loss=0.05418492, RMSE_E_per_atom=   71.80 meV, RMSE_F=   21.95 meV / A
2025-10-24 16:32:33.192 INFO: Epoch 38: head: Default, loss=0.05454738, RMSE_E_per_atom=   71.56 meV, RMSE_F=   22.05 meV / A
2025-10-24 16:40:14.980 INFO: Epoch 39: head: Default, loss=0.05369400, RMSE_E_per_atom=   71.75 meV, RMSE_F=   21.84 meV / A
2025-10-24 16:47:55.211 INFO: Epoch 40: head: Default, loss=0.05425204, RMSE_E_per_atom=   71.74 meV, RMSE_F=   21.97 meV / A
2025-10-24 16:55:36.272 INFO: Epoch 41: head: Default, loss=0.05399425, RMSE_E_per_atom=   71.61 meV, RMSE_F=   21.91 meV / A
2025-10-24 17:03:16.327 INFO: Epoch 42: head: Default, loss=0.05402964, RMSE_E_per_atom=   71.76 meV, RMSE_F=   21.92 meV / A
2025-10-24 17:10:57.847 INFO: Epoch 43: head: Default, loss=0.05377459, RMSE_E_per_atom=   71.79 meV, RMSE_F=   21.86 meV / A
2025-10-24 17:18:40.069 INFO: Epoch 44: head: Default, loss=0.05348625, RMSE_E_per_atom=   71.76 meV, RMSE_F=   21.80 meV / A
2025-10-24 17:26:21.617 INFO: Epoch 45: head: Default, loss=0.05395304, RMSE_E_per_atom=   71.84 meV, RMSE_F=   21.90 meV / A
2025-10-24 17:34:03.307 INFO: Epoch 46: head: Default, loss=0.05365199, RMSE_E_per_atom=   71.91 meV, RMSE_F=   21.83 meV / A
2025-10-24 17:41:44.810 INFO: Epoch 47: head: Default, loss=0.05370719, RMSE_E_per_atom=   71.86 meV, RMSE_F=   21.85 meV / A
2025-10-24 17:49:28.108 INFO: Epoch 48: head: Default, loss=0.05342992, RMSE_E_per_atom=   71.88 meV, RMSE_F=   21.78 meV / A
2025-10-24 17:57:10.700 INFO: Epoch 49: head: Default, loss=0.05343403, RMSE_E_per_atom=   71.92 meV, RMSE_F=   21.78 meV / A
2025-10-24 18:04:54.238 INFO: Epoch 50: head: Default, loss=0.05337949, RMSE_E_per_atom=   71.82 meV, RMSE_F=   21.77 meV / A
2025-10-24 18:12:34.993 INFO: Epoch 51: head: Default, loss=0.05324126, RMSE_E_per_atom=   71.83 meV, RMSE_F=   21.74 meV / A
2025-10-24 18:20:14.946 INFO: Epoch 52: head: Default, loss=0.05319699, RMSE_E_per_atom=   71.64 meV, RMSE_F=   21.73 meV / A
2025-10-24 18:27:56.915 INFO: Epoch 53: head: Default, loss=0.05377315, RMSE_E_per_atom=   71.83 meV, RMSE_F=   21.86 meV / A
2025-10-24 18:35:38.314 INFO: Epoch 54: head: Default, loss=0.05343778, RMSE_E_per_atom=   71.69 meV, RMSE_F=   21.79 meV / A
2025-10-24 18:43:18.089 INFO: Epoch 55: head: Default, loss=0.05361408, RMSE_E_per_atom=   71.73 meV, RMSE_F=   21.83 meV / A
2025-10-24 18:50:57.850 INFO: Epoch 56: head: Default, loss=0.05346445, RMSE_E_per_atom=   71.71 meV, RMSE_F=   21.79 meV / A
2025-10-24 18:58:38.065 INFO: Epoch 57: head: Default, loss=0.05352113, RMSE_E_per_atom=   71.76 meV, RMSE_F=   21.80 meV / A
2025-10-24 19:06:18.159 INFO: Epoch 58: head: Default, loss=0.05321345, RMSE_E_per_atom=   71.66 meV, RMSE_F=   21.74 meV / A
2025-10-24 19:13:57.902 INFO: Epoch 59: head: Default, loss=0.05329347, RMSE_E_per_atom=   71.72 meV, RMSE_F=   21.76 meV / A
2025-10-24 19:21:37.902 INFO: Epoch 60: head: Default, loss=0.05342435, RMSE_E_per_atom=   71.78 meV, RMSE_F=   21.78 meV / A
2025-10-24 19:29:19.152 INFO: Epoch 61: head: Default, loss=0.05331908, RMSE_E_per_atom=   71.76 meV, RMSE_F=   21.76 meV / A
2025-10-24 19:37:00.647 INFO: Epoch 62: head: Default, loss=0.05315650, RMSE_E_per_atom=   71.60 meV, RMSE_F=   21.73 meV / A
2025-10-24 19:44:42.512 INFO: Epoch 63: head: Default, loss=0.05317658, RMSE_E_per_atom=   71.71 meV, RMSE_F=   21.73 meV / A
2025-10-24 19:52:23.348 INFO: Epoch 64: head: Default, loss=0.05329157, RMSE_E_per_atom=   71.68 meV, RMSE_F=   21.75 meV / A
2025-10-24 20:00:03.062 INFO: Epoch 65: head: Default, loss=0.05321236, RMSE_E_per_atom=   71.73 meV, RMSE_F=   21.74 meV / A
2025-10-24 20:07:43.889 INFO: Epoch 66: head: Default, loss=0.05327584, RMSE_E_per_atom=   71.79 meV, RMSE_F=   21.75 meV / A
2025-10-24 20:15:25.245 INFO: Epoch 67: head: Default, loss=0.05348795, RMSE_E_per_atom=   71.82 meV, RMSE_F=   21.79 meV / A
2025-10-24 20:23:04.793 INFO: Epoch 68: head: Default, loss=0.05330252, RMSE_E_per_atom=   71.70 meV, RMSE_F=   21.75 meV / A
2025-10-24 20:30:45.270 INFO: Epoch 69: head: Default, loss=0.05335324, RMSE_E_per_atom=   71.84 meV, RMSE_F=   21.76 meV / A
2025-10-24 20:38:26.170 INFO: Epoch 70: head: Default, loss=0.05341319, RMSE_E_per_atom=   71.82 meV, RMSE_F=   21.78 meV / A
2025-10-24 20:46:06.640 INFO: Epoch 71: head: Default, loss=0.05319583, RMSE_E_per_atom=   71.74 meV, RMSE_F=   21.73 meV / A
2025-10-24 20:53:48.903 INFO: Epoch 72: head: Default, loss=0.05317223, RMSE_E_per_atom=   71.78 meV, RMSE_F=   21.72 meV / A
2025-10-24 21:01:30.637 INFO: Epoch 73: head: Default, loss=0.05316682, RMSE_E_per_atom=   71.76 meV, RMSE_F=   21.73 meV / A
2025-10-24 21:09:11.663 INFO: Epoch 74: head: Default, loss=0.05314824, RMSE_E_per_atom=   71.78 meV, RMSE_F=   21.72 meV / A
2025-10-24 21:16:52.834 INFO: Epoch 75: head: Default, loss=0.05314842, RMSE_E_per_atom=   71.83 meV, RMSE_F=   21.72 meV / A
2025-10-24 21:24:35.619 INFO: Epoch 76: head: Default, loss=0.05309907, RMSE_E_per_atom=   71.78 meV, RMSE_F=   21.71 meV / A
2025-10-24 21:32:16.844 INFO: Epoch 77: head: Default, loss=0.05319966, RMSE_E_per_atom=   71.73 meV, RMSE_F=   21.73 meV / A
2025-10-24 21:39:58.623 INFO: Epoch 78: head: Default, loss=0.05306669, RMSE_E_per_atom=   71.77 meV, RMSE_F=   21.70 meV / A
2025-10-24 21:47:40.673 INFO: Epoch 79: head: Default, loss=0.05313625, RMSE_E_per_atom=   71.78 meV, RMSE_F=   21.72 meV / A
2025-10-24 21:55:22.609 INFO: Epoch 80: head: Default, loss=0.05305425, RMSE_E_per_atom=   71.70 meV, RMSE_F=   21.70 meV / A
2025-10-24 22:03:04.184 INFO: Epoch 81: head: Default, loss=0.05333091, RMSE_E_per_atom=   71.80 meV, RMSE_F=   21.76 meV / A
2025-10-24 22:10:46.573 INFO: Epoch 82: head: Default, loss=0.05302947, RMSE_E_per_atom=   71.77 meV, RMSE_F=   21.69 meV / A
2025-10-24 22:18:27.176 INFO: Epoch 83: head: Default, loss=0.05299421, RMSE_E_per_atom=   71.78 meV, RMSE_F=   21.68 meV / A
2025-10-24 22:26:10.308 INFO: Epoch 84: head: Default, loss=0.05306000, RMSE_E_per_atom=   71.79 meV, RMSE_F=   21.70 meV / A
2025-10-24 22:33:49.980 INFO: Epoch 85: head: Default, loss=0.05301501, RMSE_E_per_atom=   71.77 meV, RMSE_F=   21.69 meV / A
2025-10-24 22:41:29.864 INFO: Epoch 86: head: Default, loss=0.05311273, RMSE_E_per_atom=   71.78 meV, RMSE_F=   21.71 meV / A
2025-10-24 22:49:11.135 INFO: Epoch 87: head: Default, loss=0.05298435, RMSE_E_per_atom=   71.78 meV, RMSE_F=   21.68 meV / A
2025-10-24 22:56:53.782 INFO: Epoch 88: head: Default, loss=0.05306312, RMSE_E_per_atom=   71.81 meV, RMSE_F=   21.70 meV / A
2025-10-24 23:04:36.080 INFO: Epoch 89: head: Default, loss=0.05300763, RMSE_E_per_atom=   71.84 meV, RMSE_F=   21.68 meV / A
2025-10-24 23:12:17.173 INFO: Epoch 90: head: Default, loss=0.05306780, RMSE_E_per_atom=   71.77 meV, RMSE_F=   21.70 meV / A
2025-10-24 23:19:57.975 INFO: Epoch 91: head: Default, loss=0.05285034, RMSE_E_per_atom=   71.80 meV, RMSE_F=   21.65 meV / A
2025-10-24 23:27:40.603 INFO: Epoch 92: head: Default, loss=0.05277303, RMSE_E_per_atom=   71.79 meV, RMSE_F=   21.63 meV / A
2025-10-24 23:35:22.283 INFO: Epoch 93: head: Default, loss=0.05306832, RMSE_E_per_atom=   71.84 meV, RMSE_F=   21.70 meV / A
2025-10-24 23:43:03.105 INFO: Epoch 94: head: Default, loss=0.05290833, RMSE_E_per_atom=   71.87 meV, RMSE_F=   21.66 meV / A
2025-10-24 23:50:44.019 INFO: Epoch 95: head: Default, loss=0.05225422, RMSE_E_per_atom=   71.79 meV, RMSE_F=   21.51 meV / A
2025-10-24 23:58:26.024 INFO: Epoch 96: head: Default, loss=0.05291870, RMSE_E_per_atom=   71.88 meV, RMSE_F=   21.67 meV / A
2025-10-25 00:06:06.342 INFO: Epoch 97: head: Default, loss=0.05240706, RMSE_E_per_atom=   71.91 meV, RMSE_F=   21.54 meV / A
2025-10-25 00:13:47.273 INFO: Epoch 98: head: Default, loss=0.05268779, RMSE_E_per_atom=   71.90 meV, RMSE_F=   21.61 meV / A
2025-10-25 00:21:28.568 INFO: Epoch 99: head: Default, loss=0.05223526, RMSE_E_per_atom=   71.86 meV, RMSE_F=   21.50 meV / A
2025-10-25 00:21:28.607 INFO: Changing loss based on Stage Two Weights
2025-10-25 00:29:09.367 INFO: Epoch 100: head: Default, loss=0.45591742, RMSE_E_per_atom=   66.13 meV, RMSE_F=   43.37 meV / A
2025-10-25 00:36:49.765 INFO: Epoch 101: head: Default, loss=0.40401700, RMSE_E_per_atom=   61.66 meV, RMSE_F=   48.31 meV / A
2025-10-25 00:44:32.215 INFO: Epoch 102: head: Default, loss=0.37361771, RMSE_E_per_atom=   57.62 meV, RMSE_F=   61.77 meV / A
2025-10-25 00:52:13.874 INFO: Epoch 103: head: Default, loss=0.32822084, RMSE_E_per_atom=   53.87 meV, RMSE_F=   60.51 meV / A
2025-10-25 00:59:56.435 INFO: Epoch 104: head: Default, loss=0.29588172, RMSE_E_per_atom=   50.29 meV, RMSE_F=   63.85 meV / A
2025-10-25 01:07:37.258 INFO: Epoch 105: head: Default, loss=0.26939082, RMSE_E_per_atom=   47.91 meV, RMSE_F=   61.76 meV / A
2025-10-25 01:15:17.738 INFO: Epoch 106: head: Default, loss=0.25014934, RMSE_E_per_atom=   46.01 meV, RMSE_F=   60.53 meV / A
2025-10-25 01:23:00.168 INFO: Epoch 107: head: Default, loss=0.24081394, RMSE_E_per_atom=   44.94 meV, RMSE_F=   60.96 meV / A
2025-10-25 01:30:41.101 INFO: Epoch 108: head: Default, loss=0.22447814, RMSE_E_per_atom=   42.85 meV, RMSE_F=   62.44 meV / A
2025-10-25 01:38:23.034 INFO: Epoch 109: head: Default, loss=0.21507719, RMSE_E_per_atom=   41.76 meV, RMSE_F=   62.26 meV / A
2025-10-25 01:46:04.254 INFO: Epoch 110: head: Default, loss=0.20858693, RMSE_E_per_atom=   40.92 meV, RMSE_F=   62.82 meV / A
2025-10-25 01:53:44.264 INFO: Epoch 111: head: Default, loss=0.19848029, RMSE_E_per_atom=   39.57 meV, RMSE_F=   63.36 meV / A
2025-10-25 02:01:27.201 INFO: Epoch 112: head: Default, loss=0.19074813, RMSE_E_per_atom=   38.34 meV, RMSE_F=   64.83 meV / A
2025-10-25 02:09:09.593 INFO: Epoch 113: head: Default, loss=0.18530911, RMSE_E_per_atom=   37.94 meV, RMSE_F=   62.99 meV / A
2025-10-25 02:16:51.182 INFO: Epoch 114: head: Default, loss=0.18187553, RMSE_E_per_atom=   37.46 meV, RMSE_F=   63.28 meV / A
2025-10-25 02:24:33.316 INFO: Epoch 115: head: Default, loss=0.17632470, RMSE_E_per_atom=   36.89 meV, RMSE_F=   62.04 meV / A
2025-10-25 02:32:14.324 INFO: Epoch 116: head: Default, loss=0.17065386, RMSE_E_per_atom=   35.94 meV, RMSE_F=   63.00 meV / A
2025-10-25 02:39:57.394 INFO: Epoch 117: head: Default, loss=0.16462332, RMSE_E_per_atom=   35.33 meV, RMSE_F=   61.67 meV / A
2025-10-25 02:47:38.798 INFO: Epoch 118: head: Default, loss=0.16155608, RMSE_E_per_atom=   35.00 meV, RMSE_F=   61.22 meV / A
2025-10-25 02:55:19.400 INFO: Epoch 119: head: Default, loss=0.15879819, RMSE_E_per_atom=   34.63 meV, RMSE_F=   61.05 meV / A
2025-10-25 03:03:00.649 INFO: Epoch 120: head: Default, loss=0.15513736, RMSE_E_per_atom=   34.10 meV, RMSE_F=   60.96 meV / A
2025-10-25 03:10:41.611 INFO: Epoch 121: head: Default, loss=0.15245669, RMSE_E_per_atom=   33.74 meV, RMSE_F=   61.01 meV / A
2025-10-25 03:18:22.047 INFO: Epoch 122: head: Default, loss=0.15124480, RMSE_E_per_atom=   34.03 meV, RMSE_F=   58.22 meV / A
2025-10-25 03:26:03.435 INFO: Epoch 123: head: Default, loss=0.14852034, RMSE_E_per_atom=   33.59 meV, RMSE_F=   58.52 meV / A
2025-10-25 03:33:46.071 INFO: Epoch 124: head: Default, loss=0.14314684, RMSE_E_per_atom=   32.49 meV, RMSE_F=   59.93 meV / A
2025-10-25 03:41:26.181 INFO: Epoch 125: head: Default, loss=0.14158088, RMSE_E_per_atom=   32.49 meV, RMSE_F=   58.65 meV / A
2025-10-25 03:49:09.077 INFO: Epoch 126: head: Default, loss=0.13895193, RMSE_E_per_atom=   32.23 meV, RMSE_F=   57.98 meV / A
2025-10-25 03:56:49.448 INFO: Epoch 127: head: Default, loss=0.13628913, RMSE_E_per_atom=   31.61 meV, RMSE_F=   58.96 meV / A
2025-10-25 04:04:31.720 INFO: Epoch 128: head: Default, loss=0.13550931, RMSE_E_per_atom=   31.50 meV, RMSE_F=   59.03 meV / A
2025-10-25 04:12:14.342 INFO: Epoch 129: head: Default, loss=0.13242269, RMSE_E_per_atom=   31.30 meV, RMSE_F=   57.46 meV / A
2025-10-25 04:19:54.796 INFO: Epoch 130: head: Default, loss=0.13115570, RMSE_E_per_atom=   31.02 meV, RMSE_F=   57.67 meV / A
2025-10-25 04:27:35.195 INFO: Epoch 131: head: Default, loss=0.13095117, RMSE_E_per_atom=   31.38 meV, RMSE_F=   55.70 meV / A
2025-10-25 04:35:15.838 INFO: Epoch 132: head: Default, loss=0.12525833, RMSE_E_per_atom=   30.28 meV, RMSE_F=   56.62 meV / A
2025-10-25 04:42:56.450 INFO: Epoch 133: head: Default, loss=0.12405463, RMSE_E_per_atom=   30.13 meV, RMSE_F=   56.39 meV / A
2025-10-25 04:50:37.742 INFO: Epoch 134: head: Default, loss=0.12344431, RMSE_E_per_atom=   30.11 meV, RMSE_F=   55.99 meV / A
2025-10-25 04:58:19.201 INFO: Epoch 135: head: Default, loss=0.12081904, RMSE_E_per_atom=   29.61 meV, RMSE_F=   56.32 meV / A
2025-10-25 05:06:01.755 INFO: Epoch 136: head: Default, loss=0.11921188, RMSE_E_per_atom=   29.35 meV, RMSE_F=   56.37 meV / A
2025-10-25 05:13:45.601 INFO: Epoch 137: head: Default, loss=0.11696833, RMSE_E_per_atom=   29.01 meV, RMSE_F=   55.94 meV / A
2025-10-25 05:21:28.597 INFO: Epoch 138: head: Default, loss=0.11755675, RMSE_E_per_atom=   29.12 meV, RMSE_F=   55.93 meV / A
2025-10-25 05:29:09.441 INFO: Epoch 139: head: Default, loss=0.11714807, RMSE_E_per_atom=   29.29 meV, RMSE_F=   54.76 meV / A
2025-10-25 05:36:50.680 INFO: Epoch 140: head: Default, loss=0.11397997, RMSE_E_per_atom=   28.69 meV, RMSE_F=   55.01 meV / A
2025-10-25 05:44:34.259 INFO: Epoch 141: head: Default, loss=0.11081146, RMSE_E_per_atom=   27.99 meV, RMSE_F=   55.79 meV / A
2025-10-25 05:52:15.165 INFO: Epoch 142: head: Default, loss=0.11174233, RMSE_E_per_atom=   28.15 meV, RMSE_F=   55.68 meV / A
2025-10-25 05:59:56.551 INFO: Epoch 143: head: Default, loss=0.11035330, RMSE_E_per_atom=   27.83 meV, RMSE_F=   56.28 meV / A
2025-10-25 06:07:38.496 INFO: Epoch 144: head: Default, loss=0.11055969, RMSE_E_per_atom=   28.30 meV, RMSE_F=   54.04 meV / A
2025-10-25 06:15:20.788 INFO: Epoch 145: head: Default, loss=0.10648315, RMSE_E_per_atom=   27.36 meV, RMSE_F=   55.05 meV / A
2025-10-25 06:23:02.367 INFO: Epoch 146: head: Default, loss=0.10655966, RMSE_E_per_atom=   27.43 meV, RMSE_F=   54.78 meV / A
2025-10-25 06:30:43.210 INFO: Epoch 147: head: Default, loss=0.10556433, RMSE_E_per_atom=   27.42 meV, RMSE_F=   53.97 meV / A
2025-10-25 06:38:24.984 INFO: Epoch 148: head: Default, loss=0.10280044, RMSE_E_per_atom=   26.85 meV, RMSE_F=   54.23 meV / A
2025-10-25 06:46:05.331 INFO: Epoch 149: head: Default, loss=0.10269264, RMSE_E_per_atom=   26.88 meV, RMSE_F=   53.92 meV / A
2025-10-25 06:53:47.770 INFO: Epoch 150: head: Default, loss=0.10257395, RMSE_E_per_atom=   26.80 meV, RMSE_F=   54.24 meV / A
2025-10-25 07:01:28.388 INFO: Epoch 151: head: Default, loss=0.10029579, RMSE_E_per_atom=   26.43 meV, RMSE_F=   54.06 meV / A
2025-10-25 07:09:11.415 INFO: Epoch 152: head: Default, loss=0.09896605, RMSE_E_per_atom=   26.02 meV, RMSE_F=   54.80 meV / A
2025-10-25 07:16:51.155 INFO: Epoch 153: head: Default, loss=0.09938506, RMSE_E_per_atom=   26.43 meV, RMSE_F=   53.20 meV / A
2025-10-25 07:24:31.681 INFO: Epoch 154: head: Default, loss=0.09820803, RMSE_E_per_atom=   26.11 meV, RMSE_F=   53.72 meV / A
2025-10-25 07:32:11.465 INFO: Epoch 155: head: Default, loss=0.09776710, RMSE_E_per_atom=   26.02 meV, RMSE_F=   53.76 meV / A
2025-10-25 07:39:52.437 INFO: Epoch 156: head: Default, loss=0.09735937, RMSE_E_per_atom=   26.03 meV, RMSE_F=   53.29 meV / A
2025-10-25 07:47:35.089 INFO: Epoch 157: head: Default, loss=0.09781281, RMSE_E_per_atom=   26.22 meV, RMSE_F=   52.74 meV / A
2025-10-25 07:55:17.077 INFO: Epoch 158: head: Default, loss=0.09779038, RMSE_E_per_atom=   26.12 meV, RMSE_F=   53.24 meV / A
2025-10-25 08:02:58.578 INFO: Epoch 159: head: Default, loss=0.09612563, RMSE_E_per_atom=   25.89 meV, RMSE_F=   52.81 meV / A
2025-10-25 08:10:38.888 INFO: Epoch 160: head: Default, loss=0.09464099, RMSE_E_per_atom=   25.52 meV, RMSE_F=   53.30 meV / A
2025-10-25 08:18:20.620 INFO: Epoch 161: head: Default, loss=0.09517721, RMSE_E_per_atom=   25.82 meV, RMSE_F=   52.30 meV / A
2025-10-25 08:26:02.567 INFO: Epoch 162: head: Default, loss=0.09498966, RMSE_E_per_atom=   25.80 meV, RMSE_F=   52.21 meV / A
2025-10-25 08:33:43.528 INFO: Epoch 163: head: Default, loss=0.09422567, RMSE_E_per_atom=   25.69 meV, RMSE_F=   52.04 meV / A
2025-10-25 08:41:25.609 INFO: Epoch 164: head: Default, loss=0.09383833, RMSE_E_per_atom=   25.61 meV, RMSE_F=   52.12 meV / A
2025-10-25 08:49:08.489 INFO: Epoch 165: head: Default, loss=0.09347495, RMSE_E_per_atom=   25.57 meV, RMSE_F=   51.90 meV / A
2025-10-25 08:56:49.015 INFO: Epoch 166: head: Default, loss=0.09383179, RMSE_E_per_atom=   25.71 meV, RMSE_F=   51.51 meV / A
2025-10-25 09:04:29.971 INFO: Epoch 167: head: Default, loss=0.09202568, RMSE_E_per_atom=   25.24 meV, RMSE_F=   52.09 meV / A
2025-10-25 09:12:12.068 INFO: Epoch 168: head: Default, loss=0.09143076, RMSE_E_per_atom=   25.03 meV, RMSE_F=   52.52 meV / A
2025-10-25 09:19:52.762 INFO: Epoch 169: head: Default, loss=0.09166574, RMSE_E_per_atom=   25.28 meV, RMSE_F=   51.60 meV / A
2025-10-25 09:27:36.094 INFO: Epoch 170: head: Default, loss=0.09128936, RMSE_E_per_atom=   25.22 meV, RMSE_F=   51.55 meV / A
2025-10-25 09:35:16.276 INFO: Epoch 171: head: Default, loss=0.09067539, RMSE_E_per_atom=   25.10 meV, RMSE_F=   51.58 meV / A
2025-10-25 09:42:56.305 INFO: Epoch 172: head: Default, loss=0.08932308, RMSE_E_per_atom=   24.74 meV, RMSE_F=   51.97 meV / A
2025-10-25 09:50:37.128 INFO: Epoch 173: head: Default, loss=0.08967473, RMSE_E_per_atom=   24.89 meV, RMSE_F=   51.50 meV / A
2025-10-25 09:58:20.177 INFO: Epoch 174: head: Default, loss=0.08839247, RMSE_E_per_atom=   24.75 meV, RMSE_F=   51.03 meV / A
2025-10-25 10:06:01.118 INFO: Epoch 175: head: Default, loss=0.08766869, RMSE_E_per_atom=   24.63 meV, RMSE_F=   51.00 meV / A
2025-10-25 10:13:42.679 INFO: Epoch 176: head: Default, loss=0.08806689, RMSE_E_per_atom=   24.68 meV, RMSE_F=   51.03 meV / A
2025-10-25 10:21:23.072 INFO: Epoch 177: head: Default, loss=0.08738089, RMSE_E_per_atom=   24.65 meV, RMSE_F=   50.51 meV / A
2025-10-25 10:29:04.564 INFO: Epoch 178: head: Default, loss=0.08755712, RMSE_E_per_atom=   24.74 meV, RMSE_F=   50.31 meV / A
2025-10-25 10:36:46.528 INFO: Epoch 179: head: Default, loss=0.08756107, RMSE_E_per_atom=   24.69 meV, RMSE_F=   50.52 meV / A
2025-10-25 10:44:27.479 INFO: Epoch 180: head: Default, loss=0.08577774, RMSE_E_per_atom=   24.32 meV, RMSE_F=   50.54 meV / A
2025-10-25 10:52:09.700 INFO: Epoch 181: head: Default, loss=0.08658358, RMSE_E_per_atom=   24.62 meV, RMSE_F=   49.94 meV / A
2025-10-25 10:59:50.722 INFO: Epoch 182: head: Default, loss=0.08563343, RMSE_E_per_atom=   24.37 meV, RMSE_F=   50.25 meV / A
2025-10-25 11:07:30.594 INFO: Epoch 183: head: Default, loss=0.08527838, RMSE_E_per_atom=   24.34 meV, RMSE_F=   50.04 meV / A
2025-10-25 11:15:12.597 INFO: Epoch 184: head: Default, loss=0.08559920, RMSE_E_per_atom=   24.51 meV, RMSE_F=   49.52 meV / A
2025-10-25 11:22:54.403 INFO: Epoch 185: head: Default, loss=0.08481178, RMSE_E_per_atom=   24.27 meV, RMSE_F=   49.97 meV / A
2025-10-25 11:30:36.679 INFO: Epoch 186: head: Default, loss=0.08483912, RMSE_E_per_atom=   24.19 meV, RMSE_F=   50.19 meV / A
2025-10-25 11:38:17.497 INFO: Epoch 187: head: Default, loss=0.08488100, RMSE_E_per_atom=   24.38 meV, RMSE_F=   49.50 meV / A
2025-10-25 11:45:57.141 INFO: Epoch 188: head: Default, loss=0.08343767, RMSE_E_per_atom=   23.88 meV, RMSE_F=   50.45 meV / A
2025-10-25 11:53:38.451 INFO: Epoch 189: head: Default, loss=0.08393751, RMSE_E_per_atom=   24.02 meV, RMSE_F=   50.24 meV / A
2025-10-25 12:01:18.842 INFO: Epoch 190: head: Default, loss=0.08390259, RMSE_E_per_atom=   24.12 meV, RMSE_F=   49.79 meV / A
2025-10-25 12:08:58.127 INFO: Epoch 191: head: Default, loss=0.08311267, RMSE_E_per_atom=   24.03 meV, RMSE_F=   49.47 meV / A
2025-10-25 12:16:39.089 INFO: Epoch 192: head: Default, loss=0.08260975, RMSE_E_per_atom=   23.91 meV, RMSE_F=   49.53 meV / A
2025-10-25 12:24:21.735 INFO: Epoch 193: head: Default, loss=0.08261875, RMSE_E_per_atom=   24.01 meV, RMSE_F=   49.05 meV / A
2025-10-25 12:32:03.484 INFO: Epoch 194: head: Default, loss=0.08244861, RMSE_E_per_atom=   23.97 meV, RMSE_F=   49.08 meV / A
2025-10-25 12:39:47.313 INFO: Epoch 195: head: Default, loss=0.08128918, RMSE_E_per_atom=   23.76 meV, RMSE_F=   48.89 meV / A
2025-10-25 12:47:29.162 INFO: Epoch 196: head: Default, loss=0.08100633, RMSE_E_per_atom=   23.70 meV, RMSE_F=   48.90 meV / A
2025-10-25 12:55:10.297 INFO: Epoch 197: head: Default, loss=0.08130815, RMSE_E_per_atom=   23.71 meV, RMSE_F=   49.20 meV / A
2025-10-25 13:02:51.834 INFO: Epoch 198: head: Default, loss=0.08074442, RMSE_E_per_atom=   23.62 meV, RMSE_F=   49.06 meV / A
2025-10-25 13:10:31.717 INFO: Epoch 199: head: Default, loss=0.08067279, RMSE_E_per_atom=   23.57 meV, RMSE_F=   49.21 meV / A
2025-10-25 13:10:31.756 INFO: Training complete
2025-10-25 13:10:31.756 INFO: 
2025-10-25 13:10:31.756 INFO: ===========RESULTS===========
2025-10-25 13:10:48.411 INFO: Loading checkpoint: ./checkpoints/ODAC_run-123_epoch-99.pt
2025-10-25 13:10:48.442 INFO: Loaded Stage one model from epoch 99 for evaluation
2025-10-25 13:10:48.442 INFO: Saving model to checkpoints/ODAC_run-123.model
2025-10-25 13:10:48.595 INFO: Compiling model, saving metadata to ODAC_compiled.model
2025-10-25 13:10:49.189 INFO: Computing metrics for training, validation, and test sets
2025-10-25 13:10:49.190 INFO: Skipping evaluation for heads: ['pt_head']
2025-10-25 13:10:49.191 INFO: Evaluating train_Default ...
2025-10-25 13:14:23.277 INFO: Evaluating valid_Default ...
2025-10-25 13:14:43.566 INFO: Error-table on TRAIN and VALID:
+---------------+---------------------+------------------+-------------------+
|  config_type  | RMSE E / meV / atom | RMSE F / meV / A | relative F RMSE % |
+---------------+---------------------+------------------+-------------------+
| train_Default |           72.2      |         27.7     |         68.89     |
| valid_Default |           71.9      |         21.5     |         99.15     |
+---------------+---------------------+------------------+-------------------+
2025-10-25 13:14:43.566 INFO: Evaluating Default_Default ...
2025-10-25 13:16:17.206 INFO: Error-table on TEST:
+-----------------+---------------------+------------------+-------------------+
|   config_type   | RMSE E / meV / atom | RMSE F / meV / A | relative F RMSE % |
+-----------------+---------------------+------------------+-------------------+
| Default_Default |           72.5      |         28.4     |         97.97     |
+-----------------+---------------------+------------------+-------------------+
2025-10-25 13:16:17.340 INFO: Loading checkpoint: ./checkpoints/ODAC_run-123_epoch-199_swa.pt
2025-10-25 13:16:17.375 INFO: Loaded Stage two model from epoch 199 for evaluation
2025-10-25 13:16:17.376 INFO: Saving model to checkpoints/ODAC_run-123_stagetwo.model
2025-10-25 13:16:17.533 INFO: Compiling model, saving metadata ODAC_stagetwo_compiled.model
2025-10-25 13:16:18.106 INFO: Computing metrics for training, validation, and test sets
2025-10-25 13:16:18.107 INFO: Skipping evaluation for heads: ['pt_head']
2025-10-25 13:16:18.107 INFO: Evaluating train_Default ...
2025-10-25 13:19:56.990 INFO: Evaluating valid_Default ...
2025-10-25 13:20:17.349 INFO: Error-table on TRAIN and VALID:
+---------------+---------------------+------------------+-------------------+
|  config_type  | RMSE E / meV / atom | RMSE F / meV / A | relative F RMSE % |
+---------------+---------------------+------------------+-------------------+
| train_Default |           21.0      |         54.9     |        136.47     |
| valid_Default |           23.6      |         49.2     |        226.94     |
+---------------+---------------------+------------------+-------------------+
2025-10-25 13:20:17.349 INFO: Evaluating Default_Default ...
2025-10-25 13:21:50.821 INFO: Error-table on TEST:
+-----------------+---------------------+------------------+-------------------+
|   config_type   | RMSE E / meV / atom | RMSE F / meV / A | relative F RMSE % |
+-----------------+---------------------+------------------+-------------------+
| Default_Default |           28.0      |         52.5     |        181.19     |
+-----------------+---------------------+------------------+-------------------+
2025-10-25 13:21:50.994 INFO: Done
