Found box in energy kwargs
[Potential] Found precomputed forces.
Read out charge from aux.
Found box in energy kwargs
[Potential] Found precomputed forces.
Read out charge from aux.
[Epoch 0]:
	Average train loss: 463533803.98924
	Average val loss: 8585109.0
	Gradient norm: 1.71688517338923e+17
	Elapsed time = 6.253 min
	Per-target losses:
		U | train loss: 463533803.98924077 | val loss: 8585109.0
		charge | train loss: 19499.316805180286 | val loss: 24753.611328125

[Epoch 1]:
	Average train loss: 54266895637205040.00000
	Average val loss: 5142144.0
	Gradient norm: 1.9723862013743464e+19
	Elapsed time = 5.708 min
	Per-target losses:
		U | train loss: 5.426689563720504e+16 | val loss: 5142144.0
		charge | train loss: 6898165966.684919 | val loss: 379155.78125

[Epoch 2]:
	Average train loss: 3243078.14411
	Average val loss: 2420997.0
	Gradient norm: 153942516301824.0
	Elapsed time = 5.741 min
	Per-target losses:
		U | train loss: 3243078.1441065436 | val loss: 2420997.0
		charge | train loss: 80218.60765700373 | val loss: 2212.66650390625

[Epoch 3]:
	Average train loss: 486411172.38012
	Average val loss: 2640410.25
	Gradient norm: 644158128128.0
	Elapsed time = 5.720 min
	Per-target losses:
		U | train loss: 486411172.3801175 | val loss: 2640410.25
		charge | train loss: 29197.23977251629 | val loss: 23.651166915893555

[Epoch 4]:
	Average train loss: 2726550.99870
	Average val loss: 2641130.0
	Gradient norm: 203928354816.0
	Elapsed time = 5.796 min
	Per-target losses:
		U | train loss: 2726550.9986996646 | val loss: 2641130.0
		charge | train loss: 24.198329879453517 | val loss: 23.647987365722656

[Epoch 5]:
	Average train loss: 2721121.60814
	Average val loss: 2670438.25
	Gradient norm: 150252339200.0
	Elapsed time = 5.799 min
	Per-target losses:
		U | train loss: 2721121.608137584 | val loss: 2670438.25
		charge | train loss: 24.193123828964744 | val loss: 23.658315658569336

[Epoch 6]:
	Average train loss: 62121755.69677
	Average val loss: 2640398.25
	Gradient norm: 246940631040.0
	Elapsed time = 5.767 min
	Per-target losses:
		U | train loss: 62121755.69677013 | val loss: 2640398.25
		charge | train loss: 28.082376760444387 | val loss: 23.73166847229004

[Epoch 7]:
	Average train loss: 171694572.09075
	Average val loss: 1860814.375
	Gradient norm: 2.2963607436263424e+16
	Elapsed time = 5.771 min
	Per-target losses:
		U | train loss: 171694572.09075084 | val loss: 1860814.375
		charge | train loss: 7546.765801379825 | val loss: 23.386125564575195

[Epoch 8]:
	Average train loss: 2720614.35252
	Average val loss: 2640975.5
	Gradient norm: 842838016.0
	Elapsed time = 5.765 min
	Per-target losses:
		U | train loss: 2720614.3525167787 | val loss: 2640975.5
		charge | train loss: 26.23882860145313 | val loss: 23.65489387512207

[Epoch 9]:
	Average train loss: 2724020.62651
	Average val loss: 2651170.0
	Gradient norm: 1767002368.0
	Elapsed time = 5.672 min
	Per-target losses:
		U | train loss: 2724020.626510067 | val loss: 2651170.0
		charge | train loss: 24.144010469577456 | val loss: 23.6483211517334

[Epoch 10]:
	Average train loss: 4887508901.08335
	Average val loss: 2668891.0
	Gradient norm: 1396169.75
	Elapsed time = 5.620 min
	Per-target losses:
		U | train loss: 4887508901.083347 | val loss: 2668891.0
		charge | train loss: 15273.98644323925 | val loss: 23.648073196411133

[Epoch 11]:
	Average train loss: 2713992.56363
	Average val loss: 2652875.25
	Gradient norm: 381382528.0
	Elapsed time = 5.678 min
	Per-target losses:
		U | train loss: 2713992.56363255 | val loss: 2652875.25
		charge | train loss: 24.194911828777133 | val loss: 23.64796257019043

[Epoch 12]:
	Average train loss: 2727213.77825
	Average val loss: 2644116.75
	Gradient norm: 4799355904.0
	Elapsed time = 5.715 min
	Per-target losses:
		U | train loss: 2727213.778250839 | val loss: 2644116.75
		charge | train loss: 24.12890888444529 | val loss: 23.647960662841797

[Epoch 13]:
	Average train loss: 2712524.17005
	Average val loss: 2641213.25
	Gradient norm: 820600128.0
	Elapsed time = 5.771 min
	Per-target losses:
		U | train loss: 2712524.1700503356 | val loss: 2641213.25
		charge | train loss: 24.1710599937695 | val loss: 23.648021697998047

[Epoch 14]:
	Average train loss: 2731426.79564
	Average val loss: 2641775.75
	Gradient norm: 45430849536.0
	Elapsed time = 5.625 min
	Per-target losses:
		U | train loss: 2731426.795637584 | val loss: 2641775.75
		charge | train loss: 24.169055900317712 | val loss: 23.648061752319336

[Epoch 15]:
	Average train loss: 2716635.02724
	Average val loss: 2653583.5
	Gradient norm: 36030029824.0
	Elapsed time = 5.836 min
	Per-target losses:
		U | train loss: 2716635.0272441274 | val loss: 2653583.5
		charge | train loss: 24.19273755246361 | val loss: 23.648056030273438

[Epoch 16]:
	Average train loss: 2715801.54442
	Average val loss: 2641155.25
	Gradient norm: 570628672.0
	Elapsed time = 5.769 min
	Per-target losses:
		U | train loss: 2715801.544421141 | val loss: 2641155.25
		charge | train loss: 24.178814332437195 | val loss: 23.64798355102539

[Epoch 17]:
	Average train loss: 2722775.97068
	Average val loss: 2641620.75
	Gradient norm: 11077830656.0
	Elapsed time = 5.731 min
	Per-target losses:
		U | train loss: 2722775.9706795304 | val loss: 2641620.75
		charge | train loss: 24.231445137126332 | val loss: 23.647977828979492

[Epoch 18]:
	Average train loss: 2720098.61172
	Average val loss: 2641679.5
	Gradient norm: 2865728512.0
	Elapsed time = 5.742 min
	Per-target losses:
		U | train loss: 2720098.6117239934 | val loss: 2641679.5
		charge | train loss: 24.14724364184693 | val loss: 23.64804458618164

[Epoch 19]:
	Average train loss: 1116218357.12945
	Average val loss: 2641444.75
	Gradient norm: 37125074944.0
	Elapsed time = 5.682 min
	Per-target losses:
		U | train loss: 1116218357.1294463 | val loss: 2641444.75
		charge | train loss: 117.47052333242941 | val loss: 23.646345138549805

[Epoch 20]:
	Average train loss: 2755327.59685
	Average val loss: 2641425.0
	Gradient norm: 112932741120.0
	Elapsed time = 5.773 min
	Per-target losses:
		U | train loss: 2755327.596854027 | val loss: 2641425.0
		charge | train loss: 26.620327483567614 | val loss: 23.647037506103516

[Epoch 21]:
	Average train loss: 2682183.31344
	Average val loss: 2642406.5
	Gradient norm: 165080498176.0
	Elapsed time = 5.723 min
	Per-target losses:
		U | train loss: 2682183.313443792 | val loss: 2642406.5
		charge | train loss: 24.1425563121002 | val loss: 23.64800262451172

[Epoch 22]:
	Average train loss: 2793093.49648
	Average val loss: 2652999.5
	Gradient norm: 26138198016.0
	Elapsed time = 5.771 min
	Per-target losses:
		U | train loss: 2793093.49647651 | val loss: 2652999.5
		charge | train loss: 24.22330107848916 | val loss: 23.647960662841797

[Epoch 23]:
	Average train loss: 2708325.43842
	Average val loss: 2641220.75
	Gradient norm: 98358509568.0
	Elapsed time = 5.763 min
	Per-target losses:
		U | train loss: 2708325.4384228187 | val loss: 2641220.75
		charge | train loss: 24.204480256970296 | val loss: 23.64796257019043

[Epoch 24]:
	Average train loss: 2730503.80086
	Average val loss: 2642162.75
	Gradient norm: 778772544.0
	Elapsed time = 5.778 min
	Per-target losses:
		U | train loss: 2730503.8008598993 | val loss: 2642162.75
		charge | train loss: 24.154100935251122 | val loss: 23.647964477539062

[Epoch 25]:
	Average train loss: 2724193.63884
	Average val loss: 2641384.25
	Gradient norm: 383046156288.0
	Elapsed time = 5.773 min
	Per-target losses:
		U | train loss: 2724193.638842282 | val loss: 2641384.25
		charge | train loss: 24.165897315620576 | val loss: 23.648042678833008

[Epoch 26]:
	Average train loss: 2696273.11193
	Average val loss: 2641508.0
	Gradient norm: 70337019904.0
	Elapsed time = 5.733 min
	Per-target losses:
		U | train loss: 2696273.111933725 | val loss: 2641508.0
		charge | train loss: 24.197164899070792 | val loss: 23.64801025390625

[Epoch 27]:
	Average train loss: 2728964.07185
	Average val loss: 2642309.5
	Gradient norm: 215096000.0
	Elapsed time = 5.731 min
	Per-target losses:
		U | train loss: 2728964.071854027 | val loss: 2642309.5
		charge | train loss: 24.139629270566388 | val loss: 23.64797592163086

[Epoch 28]:
	Average train loss: 2698906.10239
	Average val loss: 2642306.5
	Gradient norm: 167847231488.0
	Elapsed time = 5.745 min
	Per-target losses:
		U | train loss: 2698906.1023909394 | val loss: 2642306.5
		charge | train loss: 24.18474157704603 | val loss: 23.64801788330078

[Epoch 29]:
	Average train loss: 40336047.46384
	Average val loss: 2647013.75
	Gradient norm: 45371269120.0
	Elapsed time = 5.729 min
	Per-target losses:
		U | train loss: 40336047.46384228 | val loss: 2647013.75
		charge | train loss: 27.90688049777242 | val loss: 23.6499080657959

[Epoch 30]:
	Average train loss: 2847606.71592
	Average val loss: 2647649.75
	Gradient norm: 203637920.0
	Elapsed time = 5.659 min
	Per-target losses:
		U | train loss: 2847606.7159186243 | val loss: 2647649.75
		charge | train loss: 24.154160741511607 | val loss: 23.647974014282227

[Epoch 31]:
	Average train loss: 2727582.27085
	Average val loss: 2643587.25
	Gradient norm: 363169920.0
	Elapsed time = 5.615 min
	Per-target losses:
		U | train loss: 2727582.2708473154 | val loss: 2643587.25
		charge | train loss: 24.251552498580626 | val loss: 23.64814567565918

[Epoch 32]:
	Average train loss: 173402129960843.34375
	Average val loss: 2640908.75
	Gradient norm: 4229963264.0
	Elapsed time = 5.726 min
	Per-target losses:
		U | train loss: 173402129960843.34 | val loss: 2640908.75
		charge | train loss: 24667479.578629553 | val loss: 23.647964477539062

[Epoch 33]:
	Average train loss: 2716544.23240
	Average val loss: 2645019.75
	Gradient norm: 3880332032.0
	Elapsed time = 5.750 min
	Per-target losses:
		U | train loss: 2716544.2324035233 | val loss: 2645019.75
		charge | train loss: 24.138928453074204 | val loss: 23.6479549407959

[Epoch 34]:
	Average train loss: 2694268.29052
	Average val loss: 2641949.0
	Gradient norm: 57811484672.0
	Elapsed time = 5.738 min
	Per-target losses:
		U | train loss: 2694268.2905201344 | val loss: 2641949.0
		charge | train loss: 24.158852767944335 | val loss: 23.647958755493164

[Epoch 35]:
	Average train loss: 2741929.97611
	Average val loss: 2641213.25
	Gradient norm: 155249557504.0
	Elapsed time = 5.785 min
	Per-target losses:
		U | train loss: 2741929.9761115774 | val loss: 2641213.25
		charge | train loss: 24.217641882928426 | val loss: 23.64795684814453

[Epoch 36]:
	Average train loss: 2695168.29209
	Average val loss: 2641277.75
	Gradient norm: 4462850048.0
	Elapsed time = 5.756 min
	Per-target losses:
		U | train loss: 2695168.292093121 | val loss: 2641277.75
		charge | train loss: 24.173007220069834 | val loss: 23.647958755493164

[Epoch 37]:
	Average train loss: 14224961.61235
	Average val loss: 2640548.5
	Gradient norm: 3167129553600512.0
	Elapsed time = 5.665 min
	Per-target losses:
		U | train loss: 14224961.612353187 | val loss: 2640548.5
		charge | train loss: 25.4372085788906 | val loss: 23.648700714111328

[Epoch 38]:
	Average train loss: 2883558.99117
	Average val loss: 2656707.25
	Gradient norm: 185011929088.0
	Elapsed time = 5.779 min
	Per-target losses:
		U | train loss: 2883558.991170302 | val loss: 2656707.25
		charge | train loss: 24.17126796517596 | val loss: 23.6480655670166

[Epoch 39]:
	Average train loss: 2845758.63096
	Average val loss: 2640835.0
	Gradient norm: 19260755968.0
	Elapsed time = 5.759 min
	Per-target losses:
		U | train loss: 2845758.630956376 | val loss: 2640835.0
		charge | train loss: 24.22763236001034 | val loss: 23.647981643676758

[Epoch 40]:
	Average train loss: 2717155.52617
	Average val loss: 2642670.75
	Gradient norm: 7287601152.0
	Elapsed time = 5.793 min
	Per-target losses:
		U | train loss: 2717155.526174497 | val loss: 2642670.75
		charge | train loss: 24.211129714658597 | val loss: 23.64796257019043

[Epoch 41]:
	Average train loss: 2719311.78536
	Average val loss: 2642674.0
	Gradient norm: 396845696.0
	Elapsed time = 5.764 min
	Per-target losses:
		U | train loss: 2719311.785360738 | val loss: 2642674.0
		charge | train loss: 24.17771531687487 | val loss: 23.647958755493164

[Epoch 42]:
	Average train loss: 2708626.72460
	Average val loss: 2642084.25
	Gradient norm: 210106728448.0
	Elapsed time = 5.731 min
	Per-target losses:
		U | train loss: 2708626.72460151 | val loss: 2642084.25
		charge | train loss: 24.12015516037909 | val loss: 23.647958755493164

[Epoch 43]:
	Average train loss: 3708478.75541
	Average val loss: 2641217.75
	Gradient norm: 1750903040.0
	Elapsed time = 5.842 min
	Per-target losses:
		U | train loss: 3708478.755411074 | val loss: 2641217.75
		charge | train loss: 24.212637821939968 | val loss: 23.64798355102539

[Epoch 44]:
	Average train loss: 2727967.17938
	Average val loss: 2646216.25
	Gradient norm: 8858319872.0
	Elapsed time = 5.811 min
	Per-target losses:
		U | train loss: 2727967.179383389 | val loss: 2646216.25
		charge | train loss: 24.238271082167657 | val loss: 23.647966384887695

[Epoch 45]:
	Average train loss: 1777221472.68951
	Average val loss: 2673538.0
	Gradient norm: 8987912175616.0
	Elapsed time = 5.770 min
	Per-target losses:
		U | train loss: 1777221472.6895134 | val loss: 2673538.0
		charge | train loss: 68.15453399427786 | val loss: 23.53291130065918

[Epoch 46]:
	Average train loss: 2727960.40430
	Average val loss: 2644664.5
	Gradient norm: 298168156160.0
	Elapsed time = 5.838 min
	Per-target losses:
		U | train loss: 2727960.4042994967 | val loss: 2644664.5
		charge | train loss: 24.13216790832929 | val loss: 23.60662078857422

[Epoch 47]:
	Average train loss: 2806537.98461
	Average val loss: 2640890.25
	Gradient norm: 3231590912.0
	Elapsed time = 5.730 min
	Per-target losses:
		U | train loss: 2806537.984605705 | val loss: 2640890.25
		charge | train loss: 24.16887408774971 | val loss: 23.6479549407959

[Epoch 48]:
	Average train loss: 2725484.38639
	Average val loss: 2642757.5
	Gradient norm: 24155181056.0
	Elapsed time = 5.767 min
	Per-target losses:
		U | train loss: 2725484.386388423 | val loss: 2642757.5
		charge | train loss: 24.12378797083093 | val loss: 23.64795684814453

[Epoch 49]:
	Average train loss: 2708246.00038
	Average val loss: 2644690.0
	Gradient norm: 34898173952.0
	Elapsed time = 5.720 min
	Per-target losses:
		U | train loss: 2708246.0003775167 | val loss: 2644690.0
		charge | train loss: 24.222128766975146 | val loss: 23.647960662841797

[Epoch 50]:
	Average train loss: 2818048.78341
	Average val loss: 2641308.0
	Gradient norm: 13706221568.0
	Elapsed time = 5.755 min
	Per-target losses:
		U | train loss: 2818048.783410235 | val loss: 2641308.0
		charge | train loss: 24.187352428820308 | val loss: 23.64795684814453

[Epoch 51]:
	Average train loss: 2723828.49763
	Average val loss: 2642196.5
	Gradient norm: 645414784.0
	Elapsed time = 5.793 min
	Per-target losses:
		U | train loss: 2723828.4976300336 | val loss: 2642196.5
		charge | train loss: 24.14708190124307 | val loss: 23.647958755493164

[Epoch 52]:
	Average train loss: 2674601.37617
	Average val loss: 2642401.75
	Gradient norm: 1387668608.0
	Elapsed time = 5.741 min
	Per-target losses:
		U | train loss: 2674601.3761744965 | val loss: 2642401.75
		charge | train loss: 24.144342143423604 | val loss: 23.64795684814453

[Epoch 53]:
	Average train loss: 2757576.20965
	Average val loss: 2640869.5
	Gradient norm: 5500150784.0
	Elapsed time = 5.769 min
	Per-target losses:
		U | train loss: 2757576.209647651 | val loss: 2640869.5
		charge | train loss: 24.22307849858431 | val loss: 23.647960662841797

[Epoch 54]:
	Average train loss: 22217689.41209
	Average val loss: 2641120.75
	Gradient norm: 120506089472.0
	Elapsed time = 5.794 min
	Per-target losses:
		U | train loss: 22217689.412091024 | val loss: 2641120.75
		charge | train loss: 24.24584178156501 | val loss: 23.64664649963379

[Epoch 55]:
	Average train loss: 2784280.22821
	Average val loss: 2640881.5
	Gradient norm: 3733019688960.0
	Elapsed time = 5.775 min
	Per-target losses:
		U | train loss: 2784280.2282088925 | val loss: 2640881.5
		charge | train loss: 24.18590285666037 | val loss: 23.649276733398438

[Epoch 56]:
	Average train loss: 2776635.55235
	Average val loss: 2641738.0
	Gradient norm: 38065967104.0
	Elapsed time = 5.767 min
	Per-target losses:
		U | train loss: 2776635.5523489933 | val loss: 2641738.0
		charge | train loss: 24.204306830335785 | val loss: 23.64795684814453

[Epoch 57]:
	Average train loss: 2626467.28939
	Average val loss: 2641974.25
	Gradient norm: 616666176.0
	Elapsed time = 5.781 min
	Per-target losses:
		U | train loss: 2626467.2893875837 | val loss: 2641974.25
		charge | train loss: 24.094777285172636 | val loss: 23.6479549407959

[Epoch 58]:
	Average train loss: 4881423.86355
	Average val loss: 2638821.75
	Gradient norm: 468536819712.0
	Elapsed time = 5.672 min
	Per-target losses:
		U | train loss: 4881423.863548658 | val loss: 2638821.75
		charge | train loss: 24.274074633809544 | val loss: 23.647777557373047

[Epoch 59]:
	Average train loss: 2717780.84654
	Average val loss: 2637363.25
	Gradient norm: 2463401771008.0
	Elapsed time = 5.831 min
	Per-target losses:
		U | train loss: 2717780.8465394294 | val loss: 2637363.25
		charge | train loss: 24.18372174845446 | val loss: 23.64533805847168

[Epoch 60]:
	Average train loss: 4153472.58408
	Average val loss: 2765069.75
	Gradient norm: 1.0334569098288919e+21
	Elapsed time = 5.794 min
	Per-target losses:
		U | train loss: 4153472.584081376 | val loss: 2765069.75
		charge | train loss: 24.135252690155234 | val loss: 23.674821853637695

[Epoch 61]:
	Average train loss: 2767305.37580
	Average val loss: 2656329.25
	Gradient norm: 1772148490240.0
	Elapsed time = 5.795 min
	Per-target losses:
		U | train loss: 2767305.3757969798 | val loss: 2656329.25
		charge | train loss: 24.177239700931832 | val loss: 23.63925552368164

[Epoch 62]:
	Average train loss: 2917806.81653
	Average val loss: 2635272.25
	Gradient norm: 37239062528.0
	Elapsed time = 5.848 min
	Per-target losses:
		U | train loss: 2917806.8165268456 | val loss: 2635272.25
		charge | train loss: 24.270080891551586 | val loss: 23.650609970092773

[Epoch 63]:
	Average train loss: 7564574.96720
	Average val loss: 2644643.75
	Gradient norm: 353680448.0
	Elapsed time = 5.745 min
	Per-target losses:
		U | train loss: 7564574.967197986 | val loss: 2644643.75
		charge | train loss: 24.189371976916423 | val loss: 23.647945404052734

[Epoch 64]:
	Average train loss: 8653152.61820
	Average val loss: 2638910.75
	Gradient norm: 557106462720.0
	Elapsed time = 5.795 min
	Per-target losses:
		U | train loss: 8653152.618204698 | val loss: 2638910.75
		charge | train loss: 24.37497257770308 | val loss: 23.64479637145996

[Epoch 65]:
	Average train loss: 2642759.74969
	Average val loss: 2643613.0
	Gradient norm: 16638002176.0
	Elapsed time = 5.797 min
	Per-target losses:
		U | train loss: 2642759.7496854025 | val loss: 2643613.0
		charge | train loss: 24.128605974440607 | val loss: 23.64775848388672

[Epoch 66]:
	Average train loss: 2869631.63423
	Average val loss: 2578384.25
	Gradient norm: 8675267182592.0
	Elapsed time = 5.819 min
	Per-target losses:
		U | train loss: 2869631.634228188 | val loss: 2578384.25
		charge | train loss: 24.184677139384636 | val loss: 23.63091278076172

[Epoch 67]:
	Average train loss: 2571575.32865
	Average val loss: 2649804.5
	Gradient norm: 152407015424.0
	Elapsed time = 5.822 min
	Per-target losses:
		U | train loss: 2571575.328649329 | val loss: 2649804.5
		charge | train loss: 24.20314901467138 | val loss: 23.647958755493164

[Epoch 68]:
	Average train loss: 2736821.77225
	Average val loss: 2104617.25
	Gradient norm: 62851179872256.0
	Elapsed time = 5.789 min
	Per-target losses:
		U | train loss: 2736821.772252517 | val loss: 2104617.25
		charge | train loss: 24.20832788736228 | val loss: 23.830036163330078

[Epoch 69]:
	Average train loss: 1787726.16860
	Average val loss: 2794820.25
	Gradient norm: 1.0739220408277402e+17
	Elapsed time = 5.789 min
	Per-target losses:
		U | train loss: 1787726.168603188 | val loss: 2794820.25
		charge | train loss: 24.275157882383205 | val loss: 23.691944122314453

[Epoch 70]:
	Average train loss: 1933448.56728
	Average val loss: 836187.5
	Gradient norm: 751623370440704.0
	Elapsed time = 5.814 min
	Per-target losses:
		U | train loss: 1933448.5672818793 | val loss: 836187.5
		charge | train loss: 24.136800369160287 | val loss: 23.615812301635742

[Epoch 71]:
	Average train loss: 1015004.57851
	Average val loss: 859729.4375
	Gradient norm: 228807923466240.0
	Elapsed time = 5.847 min
	Per-target losses:
		U | train loss: 1015004.5785130033 | val loss: 859729.4375
		charge | train loss: 24.095511383978312 | val loss: 23.604013442993164

[Epoch 72]:
	Average train loss: 798859.15243
	Average val loss: 536512.1875
	Gradient norm: 85123676504064.0
	Elapsed time = 5.830 min
	Per-target losses:
		U | train loss: 798859.1524276426 | val loss: 536512.1875
		charge | train loss: 24.233784679438443 | val loss: 23.606678009033203

[Epoch 73]:
	Average train loss: 685413.64496
	Average val loss: 673293.3125
	Gradient norm: 214361280872448.0
	Elapsed time = 5.853 min
	Per-target losses:
		U | train loss: 685413.6449611996 | val loss: 673293.3125
		charge | train loss: 24.23763489563193 | val loss: 23.688465118408203

[Epoch 74]:
	Average train loss: 721633.02816
	Average val loss: 448011.125
	Gradient norm: 1045662728192.0
	Elapsed time = 5.776 min
	Per-target losses:
		U | train loss: 721633.0281564597 | val loss: 448011.125
		charge | train loss: 24.1708901373332 | val loss: 23.645893096923828

[Epoch 75]:
	Average train loss: 563182.25117
	Average val loss: 641048.0
	Gradient norm: 196479050317824.0
	Elapsed time = 5.781 min
	Per-target losses:
		U | train loss: 563182.2511692534 | val loss: 641048.0
		charge | train loss: 24.272705637528592 | val loss: 23.694303512573242

[Epoch 76]:
	Average train loss: 474882.79313
	Average val loss: 353122.125
	Gradient norm: 92155100004352.0
	Elapsed time = 5.788 min
	Per-target losses:
		U | train loss: 474882.79312604864 | val loss: 353122.125
		charge | train loss: 24.06567119367971 | val loss: 23.672283172607422

[Epoch 77]:
	Average train loss: 410177.57725
	Average val loss: 308912.9375
	Gradient norm: 179289634897920.0
	Elapsed time = 5.779 min
	Per-target losses:
		U | train loss: 410177.5772493708 | val loss: 308912.9375
		charge | train loss: 24.310487998091933 | val loss: 23.675329208374023

[Epoch 78]:
	Average train loss: 385516.93389
	Average val loss: 565470.125
	Gradient norm: 24956276572160.0
	Elapsed time = 5.867 min
	Per-target losses:
		U | train loss: 385516.93389261747 | val loss: 565470.125
		charge | train loss: 24.09158400721198 | val loss: 23.64145278930664

[Epoch 79]:
	Average train loss: 332984.91053
	Average val loss: 1774372.75
	Gradient norm: 23222162554880.0
	Elapsed time = 5.753 min
	Per-target losses:
		U | train loss: 332984.9105285235 | val loss: 1774372.75
		charge | train loss: 24.24556557316108 | val loss: 23.684385299682617

[Epoch 80]:
	Average train loss: 321121.54289
	Average val loss: 265336.15625
	Gradient norm: 49701965529088.0
	Elapsed time = 5.807 min
	Per-target losses:
		U | train loss: 321121.5428901007 | val loss: 265336.15625
		charge | train loss: 24.272310990455168 | val loss: 23.626239776611328

[Epoch 81]:
	Average train loss: 308718.94044
	Average val loss: 264162.4375
	Gradient norm: 42280094269440.0
	Elapsed time = 5.864 min
	Per-target losses:
		U | train loss: 308718.94043755246 | val loss: 264162.4375
		charge | train loss: 24.013266094899016 | val loss: 23.610797882080078

[Epoch 82]:
	Average train loss: 290695.87031
	Average val loss: 206712.484375
	Gradient norm: 5754681032704.0
	Elapsed time = 5.848 min
	Per-target losses:
		U | train loss: 290695.8703125 | val loss: 206712.484375
		charge | train loss: 24.18207634151382 | val loss: 23.63193130493164

[Epoch 83]:
	Average train loss: 240983.99273
	Average val loss: 172713.53125
	Gradient norm: 3409247469568.0
	Elapsed time = 5.821 min
	Per-target losses:
		U | train loss: 240983.9927275587 | val loss: 172713.53125
		charge | train loss: 24.21367935078256 | val loss: 23.64397430419922

[Epoch 84]:
	Average train loss: 228503.95416
	Average val loss: 218330.875
	Gradient norm: 79148806569984.0
	Elapsed time = 5.809 min
	Per-target losses:
		U | train loss: 228503.95415530622 | val loss: 218330.875
		charge | train loss: 24.046046821543033 | val loss: 23.630130767822266

[Epoch 85]:
	Average train loss: 215763.64845
	Average val loss: 212101.375
	Gradient norm: 405162819584.0
	Elapsed time = 5.654 min
	Per-target losses:
		U | train loss: 215763.64845060822 | val loss: 212101.375
		charge | train loss: 24.137728907437932 | val loss: 23.634546279907227

[Epoch 86]:
	Average train loss: 210844.93735
	Average val loss: 195614.734375
	Gradient norm: 45255919403008.0
	Elapsed time = 5.510 min
	Per-target losses:
		U | train loss: 210844.93734794462 | val loss: 195614.734375
		charge | train loss: 24.233709074186798 | val loss: 23.588151931762695

[Epoch 87]:
	Average train loss: 181282.03478
	Average val loss: 215748.5625
	Gradient norm: 12994386853888.0
	Elapsed time = 5.825 min
	Per-target losses:
		U | train loss: 181282.0347787332 | val loss: 215748.5625
		charge | train loss: 24.133915879422386 | val loss: 23.636173248291016

[Epoch 88]:
	Average train loss: 183598.78213
	Average val loss: 177898.09375
	Gradient norm: 45144418025472.0
	Elapsed time = 5.809 min
	Per-target losses:
		U | train loss: 183598.78213349413 | val loss: 177898.09375
		charge | train loss: 24.142815844644637 | val loss: 23.64120101928711

[Epoch 89]:
	Average train loss: 174771.02610
	Average val loss: 173740.140625
	Gradient norm: 68312117542912.0
	Elapsed time = 5.830 min
	Per-target losses:
		U | train loss: 174771.0260958473 | val loss: 173740.140625
		charge | train loss: 24.17987117383304 | val loss: 23.658206939697266

[Epoch 90]:
	Average train loss: 159791.52737
	Average val loss: 207633.4375
	Gradient norm: 151149294387200.0
	Elapsed time = 5.879 min
	Per-target losses:
		U | train loss: 159791.52736865563 | val loss: 207633.4375
		charge | train loss: 24.081981274905623 | val loss: 23.658071517944336

[Epoch 91]:
	Average train loss: 156432.78500
	Average val loss: 184360.6875
	Gradient norm: 51047053656064.0
	Elapsed time = 5.827 min
	Per-target losses:
		U | train loss: 156432.78500419462 | val loss: 184360.6875
		charge | train loss: 24.146339211687945 | val loss: 23.666942596435547

[Epoch 92]:
	Average train loss: 136209.02514
	Average val loss: 151300.578125
	Gradient norm: 1920689373184.0
	Elapsed time = 5.842 min
	Per-target losses:
		U | train loss: 136209.02513894715 | val loss: 151300.578125
		charge | train loss: 24.183401745277763 | val loss: 23.670909881591797

[Epoch 93]:
	Average train loss: 133593.07728
	Average val loss: 184954.765625
	Gradient norm: 10053118590976.0
	Elapsed time = 5.866 min
	Per-target losses:
		U | train loss: 133593.07728345218 | val loss: 184954.765625
		charge | train loss: 24.285633190846283 | val loss: 23.65777587890625

[Epoch 94]:
	Average train loss: 132305.46747
	Average val loss: 139628.453125
	Gradient norm: 1619508199424.0
	Elapsed time = 5.771 min
	Per-target losses:
		U | train loss: 132305.46747194842 | val loss: 139628.453125
		charge | train loss: 24.16982349165334 | val loss: 23.65856170654297

[Epoch 95]:
	Average train loss: 113887.11425
	Average val loss: 126803.6328125
	Gradient norm: 19350689939456.0
	Elapsed time = 5.802 min
	Per-target losses:
		U | train loss: 113887.11424732592 | val loss: 126803.6328125
		charge | train loss: 24.11867789326098 | val loss: 23.63772201538086

[Epoch 96]:
	Average train loss: 105290.42566
	Average val loss: 137077.5
	Gradient norm: 1809900896256.0
	Elapsed time = 5.650 min
	Per-target losses:
		U | train loss: 105290.42565803272 | val loss: 137077.5
		charge | train loss: 24.26234940138439 | val loss: 23.64861488342285

[Epoch 97]:
	Average train loss: 98978.03535
	Average val loss: 122956.6953125
	Gradient norm: 42998977003520.0
	Elapsed time = 5.839 min
	Per-target losses:
		U | train loss: 98978.03534894086 | val loss: 122956.6953125
		charge | train loss: 24.127849146183706 | val loss: 23.653833389282227

[Epoch 98]:
	Average train loss: 93770.72169
	Average val loss: 122351.9609375
	Gradient norm: 5949870309376.0
	Elapsed time = 5.815 min
	Per-target losses:
		U | train loss: 93770.72169279572 | val loss: 122351.9609375
		charge | train loss: 24.132929213095032 | val loss: 23.637683868408203

[Epoch 99]:
	Average train loss: 86355.24323
	Average val loss: 137360.796875
	Gradient norm: 17045312765952.0
	Elapsed time = 5.694 min
	Per-target losses:
		U | train loss: 86355.24322567115 | val loss: 137360.796875
		charge | train loss: 24.27890359379301 | val loss: 23.627859115600586

[Epoch 100]:
	Average train loss: 81813.34938
	Average val loss: 114550.3046875
	Gradient norm: 24904367865856.0
	Elapsed time = 5.788 min
	Per-target losses:
		U | train loss: 81813.34938129195 | val loss: 114550.3046875
		charge | train loss: 24.113241333929484 | val loss: 23.66100311279297

[Epoch 101]:
	Average train loss: 76223.06188
	Average val loss: 120337.8984375
	Gradient norm: 6075772305408.0
	Elapsed time = 5.789 min
	Per-target losses:
		U | train loss: 76223.06187604865 | val loss: 120337.8984375
		charge | train loss: 24.19252821263051 | val loss: 23.668149948120117

[Epoch 102]:
	Average train loss: 103261.17442
	Average val loss: 116277.796875
	Gradient norm: 7351959552000.0
	Elapsed time = 5.784 min
	Per-target losses:
		U | train loss: 103261.17441668414 | val loss: 116277.796875
		charge | train loss: 24.179367041107792 | val loss: 23.66006088256836

[Epoch 103]:
	Average train loss: 62674.07017
	Average val loss: 109362.25
	Gradient norm: 34654979620864.0
	Elapsed time = 5.782 min
	Per-target losses:
		U | train loss: 62674.07017355285 | val loss: 109362.25
		charge | train loss: 24.237613745823804 | val loss: 23.65652847290039

[Epoch 104]:
	Average train loss: 63186.19999
	Average val loss: 107235.1875
	Gradient norm: 18412052938752.0
	Elapsed time = 5.792 min
	Per-target losses:
		U | train loss: 63186.199985580955 | val loss: 107235.1875
		charge | train loss: 24.242698349408656 | val loss: 23.663496017456055

[Epoch 105]:
	Average train loss: 55796.31962
	Average val loss: 126037.6953125
	Gradient norm: 132367628894208.0
	Elapsed time = 5.774 min
	Per-target losses:
		U | train loss: 55796.31961776426 | val loss: 126037.6953125
		charge | train loss: 24.067098608593014 | val loss: 23.669782638549805

[Epoch 106]:
	Average train loss: 54292.18755
	Average val loss: 114778.671875
	Gradient norm: 92753845288960.0
	Elapsed time = 5.858 min
	Per-target losses:
		U | train loss: 54292.187551122064 | val loss: 114778.671875
		charge | train loss: 24.27236165936361 | val loss: 23.65608787536621

[Epoch 107]:
	Average train loss: 52165.48458
	Average val loss: 100248.9609375
	Gradient norm: 20720092446720.0
	Elapsed time = 5.770 min
	Per-target losses:
		U | train loss: 52165.4845821099 | val loss: 100248.9609375
		charge | train loss: 24.078536175721442 | val loss: 23.661409378051758

[Epoch 108]:
	Average train loss: 44970.12599
	Average val loss: 110383.03125
	Gradient norm: 18121651912704.0
	Elapsed time = 5.851 min
	Per-target losses:
		U | train loss: 44970.1259883599 | val loss: 110383.03125
		charge | train loss: 24.25644229146458 | val loss: 23.6671085357666

[Epoch 109]:
	Average train loss: 43579.50235
	Average val loss: 94633.703125
	Gradient norm: 53641075490816.0
	Elapsed time = 5.882 min
	Per-target losses:
		U | train loss: 43579.50234538853 | val loss: 94633.703125
		charge | train loss: 24.158811621697957 | val loss: 23.656286239624023

[Epoch 110]:
	Average train loss: 38634.60391
	Average val loss: 93487.359375
	Gradient norm: 2936762531840.0
	Elapsed time = 5.851 min
	Per-target losses:
		U | train loss: 38634.60390952705 | val loss: 93487.359375
		charge | train loss: 24.157008436062192 | val loss: 23.659391403198242

[Epoch 111]:
	Average train loss: 40229.77021
	Average val loss: 101543.078125
	Gradient norm: 7561860874240.0
	Elapsed time = 5.868 min
	Per-target losses:
		U | train loss: 40229.77021484375 | val loss: 101543.078125
		charge | train loss: 24.246119646418016 | val loss: 23.663644790649414

[Epoch 112]:
	Average train loss: 34858.64037
	Average val loss: 96253.2421875
	Gradient norm: 607786893312.0
	Elapsed time = 5.849 min
	Per-target losses:
		U | train loss: 34858.64037004509 | val loss: 96253.2421875
		charge | train loss: 24.101895852056927 | val loss: 23.662418365478516

[Epoch 113]:
	Average train loss: 31550.34418
	Average val loss: 91071.4453125
	Gradient norm: 2515602243584.0
	Elapsed time = 5.768 min
	Per-target losses:
		U | train loss: 31550.34418388213 | val loss: 91071.4453125
		charge | train loss: 24.28794188915483 | val loss: 23.645587921142578

[Epoch 114]:
	Average train loss: 31226.38994
	Average val loss: 97220.625
	Gradient norm: 12233425813504.0
	Elapsed time = 5.765 min
	Per-target losses:
		U | train loss: 31226.389936162963 | val loss: 97220.625
		charge | train loss: 24.163445054124665 | val loss: 23.655479431152344

[Epoch 115]:
	Average train loss: 27673.50128
	Average val loss: 93285.3203125
	Gradient norm: 6619749941248.0
	Elapsed time = 5.822 min
	Per-target losses:
		U | train loss: 27673.50128493341 | val loss: 93285.3203125
		charge | train loss: 24.13509406275397 | val loss: 23.664817810058594

[Epoch 116]:
	Average train loss: 26296.85938
	Average val loss: 92863.1484375
	Gradient norm: 8436460290048.0
	Elapsed time = 5.791 min
	Per-target losses:
		U | train loss: 26296.85937565541 | val loss: 92863.1484375
		charge | train loss: 24.194452256324308 | val loss: 23.650304794311523

[Epoch 117]:
	Average train loss: 23344.00151
	Average val loss: 91390.03125
	Gradient norm: 854292955136.0
	Elapsed time = 5.848 min
	Per-target losses:
		U | train loss: 23344.00150679006 | val loss: 91390.03125
		charge | train loss: 24.197929150626162 | val loss: 23.66069793701172

[Epoch 118]:
	Average train loss: 21201.68457
	Average val loss: 91422.703125
	Gradient norm: 361890054144.0
	Elapsed time = 5.836 min
	Per-target losses:
		U | train loss: 21201.6845703125 | val loss: 91422.703125
		charge | train loss: 24.264231400201783 | val loss: 23.65840721130371

[Epoch 119]:
	Average train loss: 20577.63902
	Average val loss: 96183.0859375
	Gradient norm: 9976329273344.0
	Elapsed time = 5.794 min
	Per-target losses:
		U | train loss: 20577.639020881397 | val loss: 96183.0859375
		charge | train loss: 24.077884994097204 | val loss: 23.659446716308594

[Epoch 120]:
	Average train loss: 18501.39184
	Average val loss: 92232.546875
	Gradient norm: 3385668141056.0
	Elapsed time = 5.838 min
	Per-target losses:
		U | train loss: 18501.391842098365 | val loss: 92232.546875
		charge | train loss: 24.19416155335087 | val loss: 23.66138458251953

[Epoch 121]:
	Average train loss: 17330.17321
	Average val loss: 90407.9921875
	Gradient norm: 648558018560.0
	Elapsed time = 5.760 min
	Per-target losses:
		U | train loss: 17330.173207450713 | val loss: 90407.9921875
		charge | train loss: 24.28915350101138 | val loss: 23.662296295166016

[Epoch 122]:
	Average train loss: 15768.18435
	Average val loss: 102350.140625
	Gradient norm: 2168296701952.0
	Elapsed time = 5.794 min
	Per-target losses:
		U | train loss: 15768.184354682257 | val loss: 102350.140625
		charge | train loss: 24.151352406188145 | val loss: 23.662160873413086

[Epoch 123]:
	Average train loss: 14708.88872
	Average val loss: 96433.796875
	Gradient norm: 2354570330112.0
	Elapsed time = 5.823 min
	Per-target losses:
		U | train loss: 14708.888722013948 | val loss: 96433.796875
		charge | train loss: 24.230803007087452 | val loss: 23.659666061401367

[Epoch 124]:
	Average train loss: 13222.50617
	Average val loss: 94023.53125
	Gradient norm: 3071240306688.0
	Elapsed time = 5.816 min
	Per-target losses:
		U | train loss: 13222.506169712144 | val loss: 94023.53125
		charge | train loss: 24.127210783478397 | val loss: 23.663246154785156

[Epoch 125]:
	Average train loss: 12506.93408
	Average val loss: 95511.59375
	Gradient norm: 1044636041216.0
	Elapsed time = 5.811 min
	Per-target losses:
		U | train loss: 12506.934082195103 | val loss: 95511.59375
		charge | train loss: 24.11393238554065 | val loss: 23.667367935180664

[Epoch 126]:
	Average train loss: 11634.38022
	Average val loss: 95672.796875
	Gradient norm: 612228792320.0
	Elapsed time = 5.818 min
	Per-target losses:
		U | train loss: 11634.380221496172 | val loss: 95672.796875
		charge | train loss: 24.25811612046005 | val loss: 23.668840408325195

[Epoch 127]:
	Average train loss: 10784.74615
	Average val loss: 96633.7578125
	Gradient norm: 6791874740224.0
	Elapsed time = 5.804 min
	Per-target losses:
		U | train loss: 10784.74614700215 | val loss: 96633.7578125
		charge | train loss: 24.2791264873223 | val loss: 23.667579650878906

[Epoch 128]:
	Average train loss: 10060.54491
	Average val loss: 98436.8515625
	Gradient norm: 281170903040.0
	Elapsed time = 5.718 min
	Per-target losses:
		U | train loss: 10060.544914665477 | val loss: 98436.8515625
		charge | train loss: 24.248043432811762 | val loss: 23.667577743530273

[Epoch 129]:
	Average train loss: 9249.90378
	Average val loss: 96999.53125
	Gradient norm: 1895097696256.0
	Elapsed time = 5.700 min
	Per-target losses:
		U | train loss: 9249.903777953283 | val loss: 96999.53125
		charge | train loss: 24.13941421124759 | val loss: 23.669767379760742

[Epoch 130]:
	Average train loss: 8797.15841
	Average val loss: 97274.140625
	Gradient norm: 3382068641792.0
	Elapsed time = 5.841 min
	Per-target losses:
		U | train loss: 8797.158414495072 | val loss: 97274.140625
		charge | train loss: 24.175981561289536 | val loss: 23.670059204101562

[Epoch 131]:
	Average train loss: 8307.84684
	Average val loss: 97993.2265625
	Gradient norm: 1356301860864.0
	Elapsed time = 5.800 min
	Per-target losses:
		U | train loss: 8307.846843376416 | val loss: 97993.2265625
		charge | train loss: 24.185742007005935 | val loss: 23.670007705688477

[Epoch 132]:
	Average train loss: 7818.89226
	Average val loss: 99132.2421875
	Gradient norm: 4978839650304.0
	Elapsed time = 5.834 min
	Per-target losses:
		U | train loss: 7818.892259349439 | val loss: 99132.2421875
		charge | train loss: 24.153503813519574 | val loss: 23.669660568237305

[Epoch 133]:
	Average train loss: 7496.28579
	Average val loss: 98596.8984375
	Gradient norm: 1009900126208.0
	Elapsed time = 5.794 min
	Per-target losses:
		U | train loss: 7496.285794620386 | val loss: 98596.8984375
		charge | train loss: 24.26143456273431 | val loss: 23.671512603759766

[Epoch 134]:
	Average train loss: 7222.37745
	Average val loss: 99465.53125
	Gradient norm: 360083357696.0
	Elapsed time = 5.871 min
	Per-target losses:
		U | train loss: 7222.3774487796245 | val loss: 99465.53125
		charge | train loss: 24.21486540416743 | val loss: 23.671403884887695

[Epoch 135]:
	Average train loss: 6964.25459
	Average val loss: 100626.96875
	Gradient norm: 2313144500224.0
	Elapsed time = 5.835 min
	Per-target losses:
		U | train loss: 6964.254585583578 | val loss: 100626.96875
		charge | train loss: 24.200086568025934 | val loss: 23.671512603759766

[Epoch 136]:
	Average train loss: 6720.07319
	Average val loss: 100164.75
	Gradient norm: 1192343240704.0
	Elapsed time = 5.856 min
	Per-target losses:
		U | train loss: 6720.073188116086 | val loss: 100164.75
		charge | train loss: 24.137414954012673 | val loss: 23.67165184020996

[Epoch 137]:
	Average train loss: 6657.26207
	Average val loss: 99589.53125
	Gradient norm: 97756618752.0
	Elapsed time = 5.864 min
	Per-target losses:
		U | train loss: 6657.26206677328 | val loss: 99589.53125
		charge | train loss: 24.26401205126871 | val loss: 23.67137336730957

[Epoch 138]:
	Average train loss: 6467.11778
	Average val loss: 100105.15625
	Gradient norm: 69022220288.0
	Elapsed time = 5.854 min
	Per-target losses:
		U | train loss: 6467.117777451893 | val loss: 100105.15625
		charge | train loss: 24.119252596605545 | val loss: 23.67221450805664

[Epoch 139]:
	Average train loss: 6400.06466
	Average val loss: 100271.140625
	Gradient norm: 1131286102016.0
	Elapsed time = 5.804 min
	Per-target losses:
		U | train loss: 6400.064659907193 | val loss: 100271.140625
		charge | train loss: 24.213425827026366 | val loss: 23.67186164855957

